RUN	simulations.basics.ExtractResponseBody	extractresponsebody	1728896454425	 	3.6.1
USER	Get Single user Scenario	START	1728896455242
USER	Get Single user Scenario	START	1728896455242
USER	Get Single user Scenario	START	1728896455242
USER	Get Single user Scenario	START	1728896455242
USER	Get Single user Scenario	START	1728896455242
USER	Get Single user Scenario	START	1728896455242
USER	Get Single user Scenario	START	1728896455242
USER	Get Single user Scenario	START	1728896455242
USER	Get Single user Scenario	START	1728896455242
USER	Get Single user Scenario	START	1728896455242
REQUEST		GET API for fetching single user data	1728896455279	1728896455415	OK	 
REQUEST		GET API for fetching single user data	1728896455279	1728896455429	OK	 
REQUEST		GET API for fetching single user data	1728896455279	1728896455404	OK	 
REQUEST		GET API for fetching single user data	1728896455280	1728896455430	OK	 
REQUEST		GET API for fetching single user data	1728896455280	1728896455430	OK	 
REQUEST		GET API for fetching single user data	1728896455280	1728896455437	OK	 
REQUEST		GET API for fetching single user data	1728896455280	1728896455430	OK	 
REQUEST		GET API for fetching single user data	1728896455279	1728896455404	OK	 
REQUEST		GET API for fetching single user data	1728896455280	1728896455429	OK	 
REQUEST		GET API for fetching single user data	1728896455279	1728896455415	OK	 
REQUEST		GET API for fetching single user data	1728896457486	1728896457519	KO	jsonPath($.data.id).find.is(#{userId}), but actually found nothing
REQUEST		GET API for fetching single user data	1728896457486	1728896457519	KO	jsonPath($.data.id).find.is(#{userId}), but actually found nothing
REQUEST		GET API for fetching single user data	1728896457486	1728896457519	KO	jsonPath($.data.id).find.is(#{userId}), but actually found nothing
USER	Get Single user Scenario	END	1728896457544
USER	Get Single user Scenario	END	1728896457544
USER	Get Single user Scenario	END	1728896457544
REQUEST		GET API for fetching single user data	1728896457488	1728896457544	KO	jsonPath($.data.id).find.is(#{userId}), but actually found nothing
REQUEST		GET API for fetching single user data	1728896457488	1728896457544	KO	jsonPath($.data.id).find.is(#{userId}), but actually found nothing
REQUEST		GET API for fetching single user data	1728896457488	1728896457544	KO	jsonPath($.data.id).find.is(#{userId}), but actually found nothing
USER	Get Single user Scenario	END	1728896457549
USER	Get Single user Scenario	END	1728896457549
USER	Get Single user Scenario	END	1728896457549
REQUEST		GET API for fetching single user data	1728896457487	1728896457549	KO	jsonPath($.data.id).find.is(#{userId}), but actually found nothing
REQUEST		GET API for fetching single user data	1728896457488	1728896457549	KO	jsonPath($.data.id).find.is(#{userId}), but actually found nothing
USER	Get Single user Scenario	END	1728896457551
USER	Get Single user Scenario	END	1728896457551
REQUEST		GET API for fetching single user data	1728896457487	1728896457553	KO	jsonPath($.data.id).find.is(#{userId}), but actually found nothing
REQUEST		GET API for fetching single user data	1728896457487	1728896457553	KO	jsonPath($.data.id).find.is(#{userId}), but actually found nothing
USER	Get Single user Scenario	END	1728896457554
USER	Get Single user Scenario	END	1728896457554
