RUN	simulations.basics.ExtractResponseBody	extractresponsebody	1728902199559	 	3.6.1
USER	Get Single user Scenario	START	1728902200359
USER	Get Single user Scenario	START	1728902200359
USER	Get Single user Scenario	START	1728902200359
USER	Get Single user Scenario	START	1728902200359
USER	Get Single user Scenario	START	1728902200359
USER	Get Single user Scenario	START	1728902200359
USER	Get Single user Scenario	START	1728902200359
USER	Get Single user Scenario	START	1728902200359
USER	Get Single user Scenario	START	1728902200359
USER	Get Single user Scenario	START	1728902200359
REQUEST		GET API for fetching single user data	1728902200399	1728902200583	OK	 
REQUEST		GET API for fetching single user data	1728902200399	1728902200554	OK	 
REQUEST		GET API for fetching single user data	1728902200399	1728902200554	OK	 
REQUEST		GET API for fetching single user data	1728902200399	1728902200583	OK	 
REQUEST		GET API for fetching single user data	1728902200399	1728902200563	OK	 
REQUEST		GET API for fetching single user data	1728902200399	1728902200554	OK	 
REQUEST		GET API for fetching single user data	1728902200399	1728902200554	OK	 
REQUEST		GET API for fetching single user data	1728902200399	1728902200583	OK	 
REQUEST		GET API for fetching single user data	1728902200399	1728902200554	OK	 
REQUEST		GET API for fetching single user data	1728902200399	1728902200583	OK	 
REQUEST		GET API for fetching single user data	1728902202656	1728902202704	KO	jsonPath($.data.id).find.is(#{userId}), but actually found nothing
REQUEST		GET API for fetching single user data	1728902202658	1728902202704	KO	jsonPath($.data.id).find.is(#{userId}), but actually found nothing
REQUEST		GET API for fetching single user data	1728902202659	1728902202704	KO	jsonPath($.data.id).find.is(#{userId}), but actually found nothing
REQUEST		GET API for fetching single user data	1728902202656	1728902202702	KO	jsonPath($.data.id).find.is(#{userId}), but actually found nothing
REQUEST		GET API for fetching single user data	1728902202657	1728902202702	KO	jsonPath($.data.id).find.is(#{userId}), but actually found nothing
REQUEST		GET API for fetching single user data	1728902202656	1728902202704	KO	jsonPath($.data.id).find.is(#{userId}), but actually found nothing
REQUEST		GET API for fetching single user data	1728902202657	1728902202704	KO	jsonPath($.data.id).find.is(#{userId}), but actually found nothing
REQUEST		GET API for fetching single user data	1728902202657	1728902202704	KO	jsonPath($.data.id).find.is(#{userId}), but actually found nothing
REQUEST		GET API for fetching single user data	1728902202658	1728902202711	KO	jsonPath($.data.id).find.is(#{userId}), but actually found nothing
REQUEST		GET API for fetching single user data	1728902202658	1728902202705	KO	jsonPath($.data.id).find.is(#{userId}), but actually found nothing
USER	Get Single user Scenario	END	1728902202736
USER	Get Single user Scenario	END	1728902202736
USER	Get Single user Scenario	END	1728902202736
USER	Get Single user Scenario	END	1728902202737
USER	Get Single user Scenario	END	1728902202737
USER	Get Single user Scenario	END	1728902202737
USER	Get Single user Scenario	END	1728902202737
USER	Get Single user Scenario	END	1728902202737
USER	Get Single user Scenario	END	1728902202737
USER	Get Single user Scenario	END	1728902202737
