RUN	simulations.basics.ExtractResponseBody	extractresponsebody	1728902465357	 	3.6.1
USER	Get Single user Scenario	START	1728902466539
USER	Get Single user Scenario	START	1728902466539
USER	Get Single user Scenario	START	1728902466539
USER	Get Single user Scenario	START	1728902466539
USER	Get Single user Scenario	START	1728902466539
USER	Get Single user Scenario	START	1728902466539
USER	Get Single user Scenario	START	1728902466539
USER	Get Single user Scenario	START	1728902466539
USER	Get Single user Scenario	START	1728902466539
USER	Get Single user Scenario	START	1728902466539
REQUEST		GET API for fetching single user data	1728902466574	1728902467140	OK	 
REQUEST		GET API for fetching single user data	1728902466574	1728902467095	OK	 
REQUEST		GET API for fetching single user data	1728902466574	1728902467078	OK	 
REQUEST		GET API for fetching single user data	1728902466574	1728902467204	OK	 
REQUEST		GET API for fetching single user data	1728902466574	1728902467495	OK	 
REQUEST		GET API for fetching single user data	1728902466574	1728902467653	OK	 
REQUEST		GET API for fetching single user data	1728902466574	1728902467679	OK	 
REQUEST		GET API for fetching single user data	1728902466574	1728902468729	OK	 
REQUEST		GET API for fetching single user data	1728902469165	1728902469200	OK	 
REQUEST		GET API for fetching single user data	1728902469165	1728902469200	OK	 
REQUEST		GET API for fetching single user data	1728902469165	1728902469200	OK	 
USER	Get Single user Scenario	END	1728902469207
USER	Get Single user Scenario	END	1728902469207
USER	Get Single user Scenario	END	1728902469207
REQUEST		GET API for fetching single user data	1728902469219	1728902469260	OK	 
USER	Get Single user Scenario	END	1728902469263
REQUEST		GET API for fetching single user data	1728902469500	1728902469530	OK	 
USER	Get Single user Scenario	END	1728902469533
REQUEST		GET API for fetching single user data	1728902469669	1728902469700	OK	 
USER	Get Single user Scenario	END	1728902469703
REQUEST		GET API for fetching single user data	1728902469685	1728902469720	OK	 
USER	Get Single user Scenario	END	1728902469721
REQUEST		GET API for fetching single user data	1728902470737	1728902470784	OK	 
USER	Get Single user Scenario	END	1728902470786
REQUEST		GET API for fetching single user data	1728902466574	1728902474567	OK	 
REQUEST		GET API for fetching single user data	1728902476585	1728902476618	OK	 
USER	Get Single user Scenario	END	1728902476619
REQUEST		GET API for fetching single user data	1728902466574	1728902476633	KO	i.n.h.s.SslHandshakeTimeoutException: handshake timed out after 10000ms
ERROR	GET API for fetching single user data: Failed to build request: Failed to build request: j.u.NoSuchElementException: No attribute named 'userId' is defined 	1728902478656
USER	Get Single user Scenario	END	1728902478657
