RUN	simulations.basics.ExtractResponseBody	extractresponsebody	1728900196582	 	3.6.1
USER	Get Single user Scenario	START	1728900211283
USER	Get Single user Scenario	START	1728900211282
USER	Get Single user Scenario	START	1728900211283
USER	Get Single user Scenario	START	1728900211282
USER	Get Single user Scenario	START	1728900211282
USER	Get Single user Scenario	START	1728900211283
USER	Get Single user Scenario	START	1728900211283
USER	Get Single user Scenario	START	1728900211282
USER	Get Single user Scenario	START	1728900211282
USER	Get Single user Scenario	START	1728900211282
REQUEST		GET API for fetching single user data	1728900211364	1728900211541	OK	 
REQUEST		GET API for fetching single user data	1728900211364	1728900211540	OK	 
REQUEST		GET API for fetching single user data	1728900211364	1728900211541	OK	 
REQUEST		GET API for fetching single user data	1728900211364	1728900211540	OK	 
REQUEST		GET API for fetching single user data	1728900211364	1728900211539	OK	 
REQUEST		GET API for fetching single user data	1728900211364	1728900211539	OK	 
REQUEST		GET API for fetching single user data	1728900211364	1728900211540	OK	 
REQUEST		GET API for fetching single user data	1728900211364	1728900211541	OK	 
REQUEST		GET API for fetching single user data	1728900211364	1728900211541	OK	 
REQUEST		GET API for fetching single user data	1728900211364	1728900211521	OK	 
REQUEST		GET API for fetching single user data	1728900213621	1728900213663	KO	jsonPath($.data.id).find.is(#{userId}), but actually found nothing
REQUEST		GET API for fetching single user data	1728900213621	1728900213649	KO	jsonPath($.data.id).find.is(#{userId}), but actually found nothing
REQUEST		GET API for fetching single user data	1728900213620	1728900213655	KO	jsonPath($.data.id).find.is(#{userId}), but actually found nothing
REQUEST		GET API for fetching single user data	1728900213620	1728900213655	KO	jsonPath($.data.id).find.is(#{userId}), but actually found nothing
REQUEST		GET API for fetching single user data	1728900213620	1728900213655	KO	jsonPath($.data.id).find.is(#{userId}), but actually found nothing
REQUEST		GET API for fetching single user data	1728900213621	1728900213657	KO	jsonPath($.data.id).find.is(#{userId}), but actually found nothing
REQUEST		GET API for fetching single user data	1728900213620	1728900213659	KO	jsonPath($.data.id).find.is(#{userId}), but actually found nothing
REQUEST		GET API for fetching single user data	1728900213621	1728900213656	KO	jsonPath($.data.id).find.is(#{userId}), but actually found nothing
REQUEST		GET API for fetching single user data	1728900213620	1728900213656	KO	jsonPath($.data.id).find.is(#{userId}), but actually found nothing
REQUEST		GET API for fetching single user data	1728900213620	1728900213659	KO	jsonPath($.data.id).find.is(#{userId}), but actually found nothing
USER	Get Single user Scenario	END	1728900213680
USER	Get Single user Scenario	END	1728900213680
USER	Get Single user Scenario	END	1728900213680
USER	Get Single user Scenario	END	1728900213680
USER	Get Single user Scenario	END	1728900213680
USER	Get Single user Scenario	END	1728900213680
USER	Get Single user Scenario	END	1728900213680
USER	Get Single user Scenario	END	1728900213680
USER	Get Single user Scenario	END	1728900213680
USER	Get Single user Scenario	END	1728900213681
