RUN	simulations.basics.ExtractResponseBody	extractresponsebody	1728902278964	 	3.6.1
USER	Get Single user Scenario	START	1728902279605
USER	Get Single user Scenario	START	1728902279605
USER	Get Single user Scenario	START	1728902279605
USER	Get Single user Scenario	START	1728902279605
USER	Get Single user Scenario	START	1728902279605
USER	Get Single user Scenario	START	1728902279605
USER	Get Single user Scenario	START	1728902279605
USER	Get Single user Scenario	START	1728902279605
USER	Get Single user Scenario	START	1728902279605
USER	Get Single user Scenario	START	1728902279605
REQUEST		GET API for fetching single user data	1728902279647	1728902279798	OK	 
REQUEST		GET API for fetching single user data	1728902279648	1728902279801	OK	 
REQUEST		GET API for fetching single user data	1728902279646	1728902279799	OK	 
REQUEST		GET API for fetching single user data	1728902279647	1728902279772	OK	 
REQUEST		GET API for fetching single user data	1728902279646	1728902279794	OK	 
REQUEST		GET API for fetching single user data	1728902279646	1728902279771	OK	 
REQUEST		GET API for fetching single user data	1728902279646	1728902279822	OK	 
REQUEST		GET API for fetching single user data	1728902279646	1728902279773	OK	 
REQUEST		GET API for fetching single user data	1728902279647	1728902279772	OK	 
REQUEST		GET API for fetching single user data	1728902279647	1728902279771	OK	 
REQUEST		GET API for fetching single user data	1728902281874	1728902281902	KO	jsonPath($.data.id).find.is(#{userId}), but actually found nothing
REQUEST		GET API for fetching single user data	1728902281876	1728902281927	KO	jsonPath($.data.id).find.is(#{userId}), but actually found nothing
REQUEST		GET API for fetching single user data	1728902281875	1728902281913	KO	jsonPath($.data.id).find.is(#{userId}), but actually found nothing
REQUEST		GET API for fetching single user data	1728902281875	1728902281918	KO	jsonPath($.data.id).find.is(#{userId}), but actually found nothing
REQUEST		GET API for fetching single user data	1728902281874	1728902281912	KO	jsonPath($.data.id).find.is(#{userId}), but actually found nothing
REQUEST		GET API for fetching single user data	1728902281874	1728902281903	KO	jsonPath($.data.id).find.is(#{userId}), but actually found nothing
REQUEST		GET API for fetching single user data	1728902281876	1728902281902	KO	jsonPath($.data.id).find.is(#{userId}), but actually found nothing
REQUEST		GET API for fetching single user data	1728902281875	1728902281903	KO	jsonPath($.data.id).find.is(#{userId}), but actually found nothing
REQUEST		GET API for fetching single user data	1728902281875	1728902281913	KO	jsonPath($.data.id).find.is(#{userId}), but actually found nothing
REQUEST		GET API for fetching single user data	1728902281875	1728902281903	KO	jsonPath($.data.id).find.is(#{userId}), but actually found nothing
USER	Get Single user Scenario	END	1728902281945
USER	Get Single user Scenario	END	1728902281945
USER	Get Single user Scenario	END	1728902281945
USER	Get Single user Scenario	END	1728902281945
USER	Get Single user Scenario	END	1728902281945
USER	Get Single user Scenario	END	1728902281946
USER	Get Single user Scenario	END	1728902281946
USER	Get Single user Scenario	END	1728902281946
USER	Get Single user Scenario	END	1728902281946
USER	Get Single user Scenario	END	1728902281946
