RUN	simulations.basics.ExtractResponseBody	extractresponsebody	1728900055051	 	3.6.1
USER	Get Single user Scenario	START	1728900055615
USER	Get Single user Scenario	START	1728900055615
USER	Get Single user Scenario	START	1728900055615
USER	Get Single user Scenario	START	1728900055615
USER	Get Single user Scenario	START	1728900055615
USER	Get Single user Scenario	START	1728900055615
USER	Get Single user Scenario	START	1728900055614
USER	Get Single user Scenario	START	1728900055615
USER	Get Single user Scenario	START	1728900055615
USER	Get Single user Scenario	START	1728900055615
REQUEST		GET API for fetching single user data	1728900055656	1728900055785	OK	 
REQUEST		GET API for fetching single user data	1728900055657	1728900055794	OK	 
REQUEST		GET API for fetching single user data	1728900055656	1728900055790	OK	 
REQUEST		GET API for fetching single user data	1728900055657	1728900055785	OK	 
REQUEST		GET API for fetching single user data	1728900055656	1728900055770	OK	 
REQUEST		GET API for fetching single user data	1728900055657	1728900055790	OK	 
REQUEST		GET API for fetching single user data	1728900055656	1728900055779	OK	 
REQUEST		GET API for fetching single user data	1728900055656	1728900055790	OK	 
REQUEST		GET API for fetching single user data	1728900055656	1728900055779	OK	 
REQUEST		GET API for fetching single user data	1728900055656	1728900055770	OK	 
REQUEST		GET API for fetching single user data	1728900057857	1728900057919	KO	jsonPath($.data.first_name).find.is(#{firstName}), but actually found Lindsay
REQUEST		GET API for fetching single user data	1728900057856	1728900057918	KO	jsonPath($.data.first_name).find.is(#{firstName}), but actually found Lindsay
REQUEST		GET API for fetching single user data	1728900057858	1728900057919	KO	jsonPath($.data.first_name).find.is(#{firstName}), but actually found Lindsay
REQUEST		GET API for fetching single user data	1728900057857	1728900057919	KO	jsonPath($.data.first_name).find.is(#{firstName}), but actually found Lindsay
REQUEST		GET API for fetching single user data	1728900057857	1728900057919	KO	jsonPath($.data.first_name).find.is(#{firstName}), but actually found Lindsay
REQUEST		GET API for fetching single user data	1728900057856	1728900057919	KO	jsonPath($.data.first_name).find.is(#{firstName}), but actually found Lindsay
REQUEST		GET API for fetching single user data	1728900057856	1728900057918	KO	jsonPath($.data.first_name).find.is(#{firstName}), but actually found Lindsay
REQUEST		GET API for fetching single user data	1728900057857	1728900057919	KO	jsonPath($.data.first_name).find.is(#{firstName}), but actually found Lindsay
REQUEST		GET API for fetching single user data	1728900057856	1728900057919	KO	jsonPath($.data.first_name).find.is(#{firstName}), but actually found Lindsay
REQUEST		GET API for fetching single user data	1728900057858	1728900057919	KO	jsonPath($.data.first_name).find.is(#{firstName}), but actually found Lindsay
USER	Get Single user Scenario	END	1728900057969
USER	Get Single user Scenario	END	1728900057969
USER	Get Single user Scenario	END	1728900057969
USER	Get Single user Scenario	END	1728900057969
USER	Get Single user Scenario	END	1728900057969
USER	Get Single user Scenario	END	1728900057970
USER	Get Single user Scenario	END	1728900057971
USER	Get Single user Scenario	END	1728900057971
USER	Get Single user Scenario	END	1728900057971
USER	Get Single user Scenario	END	1728900057971
