RUN	simulations.basics.ExtractResponseBody	extractresponsebody	1728899983360	 	3.6.1
USER	Get Single user Scenario	START	1728899984031
USER	Get Single user Scenario	START	1728899984031
USER	Get Single user Scenario	START	1728899984031
USER	Get Single user Scenario	START	1728899984031
USER	Get Single user Scenario	START	1728899984031
USER	Get Single user Scenario	START	1728899984031
USER	Get Single user Scenario	START	1728899984031
USER	Get Single user Scenario	START	1728899984031
USER	Get Single user Scenario	START	1728899984031
USER	Get Single user Scenario	START	1728899984031
REQUEST		GET API for fetching single user data	1728899984075	1728899984207	OK	 
REQUEST		GET API for fetching single user data	1728899984075	1728899984243	OK	 
REQUEST		GET API for fetching single user data	1728899984075	1728899984200	OK	 
REQUEST		GET API for fetching single user data	1728899984075	1728899984223	OK	 
REQUEST		GET API for fetching single user data	1728899984075	1728899984207	OK	 
REQUEST		GET API for fetching single user data	1728899984075	1728899984200	OK	 
REQUEST		GET API for fetching single user data	1728899984075	1728899984202	OK	 
REQUEST		GET API for fetching single user data	1728899984075	1728899984200	OK	 
REQUEST		GET API for fetching single user data	1728899984075	1728899984223	OK	 
REQUEST		GET API for fetching single user data	1728899984075	1728899984223	OK	 
REQUEST		GET API for fetching single user data	1728899986288	1728899986323	KO	jsonPath($.data.id).find.is(#{userId}), but actually found 8
REQUEST		GET API for fetching single user data	1728899986289	1728899986323	KO	jsonPath($.data.id).find.is(#{userId}), but actually found 8
REQUEST		GET API for fetching single user data	1728899986288	1728899986331	KO	jsonPath($.data.id).find.is(#{userId}), but actually found 8
REQUEST		GET API for fetching single user data	1728899986289	1728899986331	KO	jsonPath($.data.id).find.is(#{userId}), but actually found 8
REQUEST		GET API for fetching single user data	1728899986288	1728899986323	KO	jsonPath($.data.id).find.is(#{userId}), but actually found 8
REQUEST		GET API for fetching single user data	1728899986288	1728899986323	KO	jsonPath($.data.id).find.is(#{userId}), but actually found 8
REQUEST		GET API for fetching single user data	1728899986289	1728899986323	KO	jsonPath($.data.id).find.is(#{userId}), but actually found 8
REQUEST		GET API for fetching single user data	1728899986288	1728899986323	KO	jsonPath($.data.id).find.is(#{userId}), but actually found 8
REQUEST		GET API for fetching single user data	1728899986288	1728899986328	KO	jsonPath($.data.id).find.is(#{userId}), but actually found 8
REQUEST		GET API for fetching single user data	1728899986288	1728899986332	KO	jsonPath($.data.id).find.is(#{userId}), but actually found 8
USER	Get Single user Scenario	END	1728899986351
USER	Get Single user Scenario	END	1728899986351
USER	Get Single user Scenario	END	1728899986351
USER	Get Single user Scenario	END	1728899986351
USER	Get Single user Scenario	END	1728899986351
USER	Get Single user Scenario	END	1728899986351
USER	Get Single user Scenario	END	1728899986351
USER	Get Single user Scenario	END	1728899986351
USER	Get Single user Scenario	END	1728899986351
USER	Get Single user Scenario	END	1728899986352
