RUN	simulations.basics.ExtractResponseBody	extractresponsebody	1728896844217	 	3.6.1
USER	Get Single user Scenario	START	1728896845030
USER	Get Single user Scenario	START	1728896845030
USER	Get Single user Scenario	START	1728896845030
USER	Get Single user Scenario	START	1728896845030
USER	Get Single user Scenario	START	1728896845030
USER	Get Single user Scenario	START	1728896845030
USER	Get Single user Scenario	START	1728896845030
USER	Get Single user Scenario	START	1728896845030
USER	Get Single user Scenario	START	1728896845030
USER	Get Single user Scenario	START	1728896845030
REQUEST		GET API for fetching single user data	1728896845069	1728896845214	OK	 
REQUEST		GET API for fetching single user data	1728896845068	1728896845198	OK	 
REQUEST		GET API for fetching single user data	1728896845068	1728896845189	OK	 
REQUEST		GET API for fetching single user data	1728896845069	1728896845183	OK	 
REQUEST		GET API for fetching single user data	1728896845068	1728896845184	OK	 
REQUEST		GET API for fetching single user data	1728896845068	1728896845184	OK	 
REQUEST		GET API for fetching single user data	1728896845068	1728896845184	OK	 
REQUEST		GET API for fetching single user data	1728896845068	1728896845214	OK	 
REQUEST		GET API for fetching single user data	1728896845068	1728896845218	OK	 
REQUEST		GET API for fetching single user data	1728896845068	1728896845184	OK	 
REQUEST		GET API for fetching single user data	1728896847275	1728896847304	KO	jsonPath($.data.id).find.is(#{userId}), but actually found nothing
REQUEST		GET API for fetching single user data	1728896847274	1728896847305	KO	jsonPath($.data.id).find.is(#{userId}), but actually found nothing
REQUEST		GET API for fetching single user data	1728896847272	1728896847304	KO	jsonPath($.data.id).find.is(#{userId}), but actually found nothing
REQUEST		GET API for fetching single user data	1728896847273	1728896847305	KO	jsonPath($.data.id).find.is(#{userId}), but actually found nothing
REQUEST		GET API for fetching single user data	1728896847274	1728896847310	KO	jsonPath($.data.id).find.is(#{userId}), but actually found nothing
REQUEST		GET API for fetching single user data	1728896847273	1728896847311	KO	jsonPath($.data.id).find.is(#{userId}), but actually found nothing
REQUEST		GET API for fetching single user data	1728896847275	1728896847310	KO	jsonPath($.data.id).find.is(#{userId}), but actually found nothing
REQUEST		GET API for fetching single user data	1728896847272	1728896847310	KO	jsonPath($.data.id).find.is(#{userId}), but actually found nothing
REQUEST		GET API for fetching single user data	1728896847274	1728896847311	KO	jsonPath($.data.id).find.is(#{userId}), but actually found nothing
REQUEST		GET API for fetching single user data	1728896847273	1728896847310	KO	jsonPath($.data.id).find.is(#{userId}), but actually found nothing
USER	Get Single user Scenario	END	1728896847337
USER	Get Single user Scenario	END	1728896847337
USER	Get Single user Scenario	END	1728896847337
USER	Get Single user Scenario	END	1728896847337
USER	Get Single user Scenario	END	1728896847337
USER	Get Single user Scenario	END	1728896847337
USER	Get Single user Scenario	END	1728896847338
USER	Get Single user Scenario	END	1728896847338
USER	Get Single user Scenario	END	1728896847338
USER	Get Single user Scenario	END	1728896847338
