RUN	simulations.basics.ExtractResponseBody	extractresponsebody	1728898353679	 	3.6.1
USER	Get Single user Scenario	START	1728898354327
USER	Get Single user Scenario	START	1728898354327
USER	Get Single user Scenario	START	1728898354327
USER	Get Single user Scenario	START	1728898354327
USER	Get Single user Scenario	START	1728898354327
USER	Get Single user Scenario	START	1728898354327
USER	Get Single user Scenario	START	1728898354327
USER	Get Single user Scenario	START	1728898354327
USER	Get Single user Scenario	START	1728898354327
USER	Get Single user Scenario	START	1728898354327
REQUEST		GET API for fetching single user data	1728898354371	1728898354479	OK	 
REQUEST		GET API for fetching single user data	1728898354371	1728898354512	OK	 
REQUEST		GET API for fetching single user data	1728898354371	1728898354508	OK	 
REQUEST		GET API for fetching single user data	1728898354371	1728898354508	OK	 
REQUEST		GET API for fetching single user data	1728898354371	1728898354502	OK	 
REQUEST		GET API for fetching single user data	1728898354371	1728898354518	OK	 
REQUEST		GET API for fetching single user data	1728898354371	1728898354508	OK	 
REQUEST		GET API for fetching single user data	1728898354371	1728898354502	OK	 
REQUEST		GET API for fetching single user data	1728898354371	1728898354479	OK	 
REQUEST		GET API for fetching single user data	1728898354371	1728898354502	OK	 
REQUEST		GET API for fetching single user data	1728898356566	1728898356604	KO	jsonPath($.data.id).find.is(#{userId}), but actually found nothing
REQUEST		GET API for fetching single user data	1728898356564	1728898356603	KO	jsonPath($.data.id).find.is(#{userId}), but actually found nothing
REQUEST		GET API for fetching single user data	1728898356566	1728898356604	KO	jsonPath($.data.id).find.is(#{userId}), but actually found nothing
REQUEST		GET API for fetching single user data	1728898356566	1728898356604	KO	jsonPath($.data.id).find.is(#{userId}), but actually found nothing
REQUEST		GET API for fetching single user data	1728898356565	1728898356607	KO	jsonPath($.data.id).find.is(#{userId}), but actually found nothing
REQUEST		GET API for fetching single user data	1728898356565	1728898356603	KO	jsonPath($.data.id).find.is(#{userId}), but actually found nothing
REQUEST		GET API for fetching single user data	1728898356564	1728898356604	KO	jsonPath($.data.id).find.is(#{userId}), but actually found nothing
REQUEST		GET API for fetching single user data	1728898356565	1728898356603	KO	jsonPath($.data.id).find.is(#{userId}), but actually found nothing
REQUEST		GET API for fetching single user data	1728898356565	1728898356604	KO	jsonPath($.data.id).find.is(#{userId}), but actually found nothing
REQUEST		GET API for fetching single user data	1728898356566	1728898356603	KO	jsonPath($.data.id).find.is(#{userId}), but actually found nothing
USER	Get Single user Scenario	END	1728898356638
USER	Get Single user Scenario	END	1728898356638
USER	Get Single user Scenario	END	1728898356638
USER	Get Single user Scenario	END	1728898356638
USER	Get Single user Scenario	END	1728898356638
USER	Get Single user Scenario	END	1728898356638
USER	Get Single user Scenario	END	1728898356638
USER	Get Single user Scenario	END	1728898356638
USER	Get Single user Scenario	END	1728898356638
USER	Get Single user Scenario	END	1728898356638
