RUN	simulations.basics.ExtractResponseBody	extractresponsebody	1728897247188	 	3.6.1
USER	Get Single user Scenario	START	1728897247964
USER	Get Single user Scenario	START	1728897247964
USER	Get Single user Scenario	START	1728897247964
USER	Get Single user Scenario	START	1728897247964
USER	Get Single user Scenario	START	1728897247964
USER	Get Single user Scenario	START	1728897247964
USER	Get Single user Scenario	START	1728897247964
USER	Get Single user Scenario	START	1728897247964
USER	Get Single user Scenario	START	1728897247964
USER	Get Single user Scenario	START	1728897247964
REQUEST		GET API for fetching single user data	1728897248002	1728897248122	OK	 
REQUEST		GET API for fetching single user data	1728897248002	1728897248116	OK	 
REQUEST		GET API for fetching single user data	1728897248002	1728897248161	OK	 
REQUEST		GET API for fetching single user data	1728897248002	1728897248116	OK	 
REQUEST		GET API for fetching single user data	1728897248003	1728897248122	OK	 
REQUEST		GET API for fetching single user data	1728897248002	1728897248145	OK	 
REQUEST		GET API for fetching single user data	1728897248002	1728897248161	OK	 
REQUEST		GET API for fetching single user data	1728897248002	1728897248145	OK	 
REQUEST		GET API for fetching single user data	1728897248002	1728897248171	OK	 
REQUEST		GET API for fetching single user data	1728897248003	1728897248186	OK	 
REQUEST		GET API for fetching single user data	1728897250206	1728897250248	KO	jsonPath($.data.id).find.is(#{userId}), but actually found nothing
REQUEST		GET API for fetching single user data	1728897250204	1728897250247	KO	jsonPath($.data.id).find.is(#{userId}), but actually found nothing
REQUEST		GET API for fetching single user data	1728897250206	1728897250250	KO	jsonPath($.data.id).find.is(#{userId}), but actually found nothing
REQUEST		GET API for fetching single user data	1728897250206	1728897250248	KO	jsonPath($.data.id).find.is(#{userId}), but actually found nothing
REQUEST		GET API for fetching single user data	1728897250206	1728897250247	KO	jsonPath($.data.id).find.is(#{userId}), but actually found nothing
REQUEST		GET API for fetching single user data	1728897250206	1728897250248	KO	jsonPath($.data.id).find.is(#{userId}), but actually found nothing
REQUEST		GET API for fetching single user data	1728897250204	1728897250248	KO	jsonPath($.data.id).find.is(#{userId}), but actually found nothing
REQUEST		GET API for fetching single user data	1728897250204	1728897250248	KO	jsonPath($.data.id).find.is(#{userId}), but actually found nothing
REQUEST		GET API for fetching single user data	1728897250207	1728897250248	KO	jsonPath($.data.id).find.is(#{userId}), but actually found nothing
REQUEST		GET API for fetching single user data	1728897250204	1728897250248	KO	jsonPath($.data.id).find.is(#{userId}), but actually found nothing
USER	Get Single user Scenario	END	1728897250282
USER	Get Single user Scenario	END	1728897250282
USER	Get Single user Scenario	END	1728897250282
USER	Get Single user Scenario	END	1728897250282
USER	Get Single user Scenario	END	1728897250282
USER	Get Single user Scenario	END	1728897250282
USER	Get Single user Scenario	END	1728897250282
USER	Get Single user Scenario	END	1728897250282
USER	Get Single user Scenario	END	1728897250282
USER	Get Single user Scenario	END	1728897250282
