RUN	simulations.apiTest.ReqResAllCrud	reqresallcrud	1728457098362	4	3.6.1
USER	Create User scenario	START	1728457099415
USER	Get Single user Scenario	START	1728457099414
USER	Get Single user Scenario	START	1728457099415
USER	Get Single user Scenario	START	1728457099415
USER	Create User scenario	START	1728457099415
USER	Get Single user Scenario	START	1728457099414
USER	Create User scenario	START	1728457099415
USER	Get Single user Scenario	START	1728457099415
USER	Get Single user Scenario	START	1728457099415
USER	Update User Scenario	START	1728457099573
USER	Create User scenario	START	1728457099574
USER	Delete User Scenario	START	1728457099573
USER	Create User scenario	START	1728457099574
USER	Update User Scenario	START	1728457099574
USER	Update User Scenario	START	1728457099575
USER	Update User Scenario	START	1728457099575
USER	Delete User Scenario	START	1728457099575
USER	Delete User Scenario	START	1728457099576
USER	Get Single user Scenario	START	1728457099415
USER	Delete User Scenario	START	1728457099574
USER	Create User scenario	START	1728457099415
USER	Update User Scenario	START	1728457099574
USER	Get Single user Scenario	START	1728457099414
USER	Create User scenario	START	1728457099415
USER	Delete User Scenario	START	1728457099575
USER	Get Single user Scenario	START	1728457099415
USER	Update User Scenario	START	1728457099577
USER	Update User Scenario	START	1728457099577
USER	Create User scenario	START	1728457099415
USER	Update User Scenario	START	1728457099578
USER	Delete User Scenario	START	1728457099576
USER	Create User scenario	START	1728457099579
USER	Get Single user Scenario	START	1728457099415
USER	Delete User Scenario	START	1728457099579
USER	Update User Scenario	START	1728457099578
USER	Update User Scenario	START	1728457099579
USER	Create User scenario	START	1728457099581
USER	Delete User Scenario	START	1728457099581
USER	Delete User Scenario	START	1728457099582
USER	Delete User Scenario	START	1728457099582
REQUEST		GET API for fetching single user data	1728457099539	1728457099766	OK	 
REQUEST		GET API for fetching single user data	1728457099539	1728457099754	OK	 
REQUEST		GET API for fetching single user data	1728457099539	1728457099767	OK	 
REQUEST		GET API for fetching single user data	1728457099539	1728457099717	OK	 
REQUEST		GET API for fetching single user data	1728457099539	1728457099773	OK	 
REQUEST		GET API for fetching single user data	1728457099539	1728457099717	OK	 
REQUEST		GET API for fetching single user data	1728457099540	1728457099787	OK	 
REQUEST		GET API for fetching single user data	1728457099539	1728457099733	OK	 
REQUEST		GET API for fetching single user data	1728457099539	1728457099734	OK	 
REQUEST		GET API for fetching single user data	1728457099539	1728457099727	OK	 
USER	Get Single user Scenario	END	1728457099800
USER	Get Single user Scenario	END	1728457099800
USER	Get Single user Scenario	END	1728457099800
USER	Get Single user Scenario	END	1728457099800
USER	Get Single user Scenario	END	1728457099800
USER	Get Single user Scenario	END	1728457099800
USER	Get Single user Scenario	END	1728457099800
USER	Get Single user Scenario	END	1728457099800
USER	Get Single user Scenario	END	1728457099800
USER	Get Single user Scenario	END	1728457099800
REQUEST		Put api update user	1728457099580	1728457100127	OK	 
REQUEST		Post Api to Create api	1728457099575	1728457100127	OK	 
REQUEST		Put api update user	1728457099575	1728457100127	OK	 
REQUEST		Post Api to Create api	1728457099581	1728457100127	OK	 
REQUEST		Put api update user	1728457099575	1728457100129	OK	 
REQUEST		Post Api to Create api	1728457099539	1728457100129	OK	 
REQUEST		Put api update user	1728457099577	1728457100130	OK	 
REQUEST		Post Api to Create api	1728457099539	1728457100130	OK	 
REQUEST		Post Api to Create api	1728457099539	1728457100130	OK	 
REQUEST		Delete Api Delete user	1728457099576	1728457100127	OK	 
REQUEST		Put api update user	1728457099576	1728457100131	OK	 
REQUEST		Put api update user	1728457099577	1728457100131	OK	 
REQUEST		Put api update user	1728457099578	1728457100132	OK	 
REQUEST		Post Api to Create api	1728457099575	1728457100132	OK	 
REQUEST		Delete Api Delete user	1728457099576	1728457100133	OK	 
REQUEST		Delete Api Delete user	1728457099584	1728457100126	OK	 
REQUEST		Delete Api Delete user	1728457099575	1728457100133	OK	 
REQUEST		Delete Api Delete user	1728457099578	1728457100133	OK	 
REQUEST		Delete Api Delete user	1728457099582	1728457100130	OK	 
REQUEST		Post Api to Create api	1728457099539	1728457100134	OK	 
REQUEST		Put api update user	1728457099574	1728457100134	OK	 
REQUEST		Delete Api Delete user	1728457099577	1728457100130	OK	 
REQUEST		Put api update user	1728457099575	1728457100135	OK	 
REQUEST		Delete Api Delete user	1728457099574	1728457100136	OK	 
USER	Update User Scenario	END	1728457100128
REQUEST		Put api update user	1728457099580	1728457100137	OK	 
USER	Create User scenario	END	1728457100128
USER	Create User scenario	END	1728457100128
REQUEST		Delete Api Delete user	1728457099580	1728457100137	OK	 
REQUEST		Post Api to Create api	1728457099580	1728457100137	OK	 
USER	Update User Scenario	END	1728457100130
USER	Create User scenario	END	1728457100130
USER	Create User scenario	END	1728457100130
USER	Create User scenario	END	1728457100131
USER	Delete User Scenario	END	1728457100131
USER	Update User Scenario	END	1728457100132
USER	Update User Scenario	END	1728457100132
USER	Update User Scenario	END	1728457100133
USER	Delete User Scenario	END	1728457100133
USER	Delete User Scenario	END	1728457100133
USER	Delete User Scenario	END	1728457100134
USER	Update User Scenario	END	1728457100134
USER	Create User scenario	END	1728457100135
USER	Delete User Scenario	END	1728457100135
USER	Update User Scenario	END	1728457100136
USER	Create User scenario	END	1728457100136
USER	Delete User Scenario	END	1728457100136
USER	Update User Scenario	END	1728457100136
USER	Delete User Scenario	END	1728457100136
USER	Delete User Scenario	END	1728457100137
USER	Update User Scenario	END	1728457100138
USER	Update User Scenario	END	1728457100138
USER	Create User scenario	END	1728457100138
USER	Delete User Scenario	END	1728457100138
REQUEST		Post Api to Create api	1728457099539	1728457100142	OK	 
USER	Create User scenario	END	1728457100143
REQUEST		Delete Api Delete user	1728457099583	1728457100166	OK	 
USER	Delete User Scenario	END	1728457100167
REQUEST		Post Api to Create api	1728457099539	1728457100170	OK	 
USER	Create User scenario	END	1728457100171
