RUN	simulations.basics.ExtractResponseBody	extractresponsebody	1728899802055	 	3.6.1
USER	Get Single user Scenario	START	1728899802842
USER	Get Single user Scenario	START	1728899802842
USER	Get Single user Scenario	START	1728899802842
USER	Get Single user Scenario	START	1728899802842
USER	Get Single user Scenario	START	1728899802842
USER	Get Single user Scenario	START	1728899802842
USER	Get Single user Scenario	START	1728899802842
USER	Get Single user Scenario	START	1728899802842
USER	Get Single user Scenario	START	1728899802842
USER	Get Single user Scenario	START	1728899802842
REQUEST		GET API for fetching single user data	1728899802877	1728899803042	OK	 
REQUEST		GET API for fetching single user data	1728899802877	1728899803042	OK	 
REQUEST		GET API for fetching single user data	1728899802877	1728899803054	OK	 
REQUEST		GET API for fetching single user data	1728899802877	1728899803027	OK	 
REQUEST		GET API for fetching single user data	1728899802877	1728899803037	OK	 
REQUEST		GET API for fetching single user data	1728899802877	1728899803038	OK	 
REQUEST		GET API for fetching single user data	1728899802877	1728899803054	OK	 
REQUEST		GET API for fetching single user data	1728899802877	1728899803027	OK	 
REQUEST		GET API for fetching single user data	1728899802877	1728899803023	OK	 
REQUEST		GET API for fetching single user data	1728899802877	1728899803058	OK	 
REQUEST		GET API for fetching single user data	1728899805118	1728899805167	KO	jsonPath($.data.id).find.is(#{userId}), but actually found nothing
REQUEST		GET API for fetching single user data	1728899805118	1728899805152	KO	jsonPath($.data.id).find.is(#{userId}), but actually found nothing
REQUEST		GET API for fetching single user data	1728899805118	1728899805152	KO	jsonPath($.data.id).find.is(#{userId}), but actually found nothing
REQUEST		GET API for fetching single user data	1728899805119	1728899805148	KO	jsonPath($.data.id).find.is(#{userId}), but actually found nothing
REQUEST		GET API for fetching single user data	1728899805119	1728899805153	KO	jsonPath($.data.id).find.is(#{userId}), but actually found nothing
REQUEST		GET API for fetching single user data	1728899805119	1728899805152	KO	jsonPath($.data.id).find.is(#{userId}), but actually found nothing
REQUEST		GET API for fetching single user data	1728899805118	1728899805149	KO	jsonPath($.data.id).find.is(#{userId}), but actually found nothing
REQUEST		GET API for fetching single user data	1728899805118	1728899805157	KO	jsonPath($.data.id).find.is(#{userId}), but actually found nothing
REQUEST		GET API for fetching single user data	1728899805118	1728899805151	KO	jsonPath($.data.id).find.is(#{userId}), but actually found nothing
REQUEST		GET API for fetching single user data	1728899805118	1728899805166	KO	jsonPath($.data.id).find.is(#{userId}), but actually found nothing
USER	Get Single user Scenario	END	1728899805180
USER	Get Single user Scenario	END	1728899805180
USER	Get Single user Scenario	END	1728899805180
USER	Get Single user Scenario	END	1728899805180
USER	Get Single user Scenario	END	1728899805180
USER	Get Single user Scenario	END	1728899805180
USER	Get Single user Scenario	END	1728899805180
USER	Get Single user Scenario	END	1728899805180
USER	Get Single user Scenario	END	1728899805180
USER	Get Single user Scenario	END	1728899805180
