RUN	simulations.basics.ExtractResponseBody	extractresponsebody	1728895705538	 	3.6.1
USER	Get Single user Scenario	START	1728895706270
USER	Get Single user Scenario	START	1728895706270
USER	Get Single user Scenario	START	1728895706270
USER	Get Single user Scenario	START	1728895706270
USER	Get Single user Scenario	START	1728895706270
USER	Get Single user Scenario	START	1728895706270
USER	Get Single user Scenario	START	1728895706270
USER	Get Single user Scenario	START	1728895706270
USER	Get Single user Scenario	START	1728895706270
USER	Get Single user Scenario	START	1728895706270
REQUEST		GET API for fetching single user data	1728895706314	1728895706437	OK	 
REQUEST		GET API for fetching single user data	1728895706314	1728895706437	OK	 
REQUEST		GET API for fetching single user data	1728895706314	1728895706437	OK	 
REQUEST		GET API for fetching single user data	1728895706313	1728895706445	OK	 
REQUEST		GET API for fetching single user data	1728895706313	1728895706437	OK	 
REQUEST		GET API for fetching single user data	1728895706312	1728895706477	OK	 
REQUEST		GET API for fetching single user data	1728895706313	1728895706437	OK	 
REQUEST		GET API for fetching single user data	1728895706314	1728895706477	OK	 
REQUEST		GET API for fetching single user data	1728895706313	1728895706437	OK	 
REQUEST		GET API for fetching single user data	1728895706312	1728895706477	OK	 
REQUEST		GET API for fetching single user data	1728895708531	1728895708872	KO	jsonPath($.data.id).find.is(#{userId}), but actually found nothing
REQUEST		GET API for fetching single user data	1728895708531	1728895708867	KO	jsonPath($.data.id).find.is(#{userId}), but actually found nothing
REQUEST		GET API for fetching single user data	1728895708531	1728895708879	KO	jsonPath($.data.id).find.is(#{userId}), but actually found nothing
REQUEST		GET API for fetching single user data	1728895708532	1728895708893	KO	jsonPath($.data.id).find.is(#{userId}), but actually found nothing
REQUEST		GET API for fetching single user data	1728895708531	1728895708875	KO	jsonPath($.data.id).find.is(#{userId}), but actually found nothing
REQUEST		GET API for fetching single user data	1728895708531	1728895708880	KO	jsonPath($.data.id).find.is(#{userId}), but actually found nothing
REQUEST		GET API for fetching single user data	1728895708532	1728895708879	KO	jsonPath($.data.id).find.is(#{userId}), but actually found nothing
REQUEST		GET API for fetching single user data	1728895708531	1728895708881	KO	jsonPath($.data.id).find.is(#{userId}), but actually found nothing
REQUEST		GET API for fetching single user data	1728895708531	1728895708893	KO	jsonPath($.data.id).find.is(#{userId}), but actually found nothing
USER	Get Single user Scenario	END	1728895708901
USER	Get Single user Scenario	END	1728895708901
USER	Get Single user Scenario	END	1728895708902
USER	Get Single user Scenario	END	1728895708902
USER	Get Single user Scenario	END	1728895708902
USER	Get Single user Scenario	END	1728895708902
USER	Get Single user Scenario	END	1728895708902
REQUEST		GET API for fetching single user data	1728895708531	1728895708902	KO	jsonPath($.data.id).find.is(#{userId}), but actually found nothing
USER	Get Single user Scenario	END	1728895708902
USER	Get Single user Scenario	END	1728895708902
USER	Get Single user Scenario	END	1728895708904
