RUN	simulations.basics.DebiggerFile	debiggerfile	1728542293889	6	3.6.1
USER	Update User Scenario	START	1728542298228
USER	Update User Scenario	START	1728542298228
USER	Update User Scenario	START	1728542298228
USER	Update User Scenario	START	1728542298228
USER	Update User Scenario	START	1728542298228
USER	Update User Scenario	START	1728542298228
USER	Update User Scenario	START	1728542298228
USER	Update User Scenario	START	1728542298228
USER	Update User Scenario	START	1728542298228
USER	Update User Scenario	START	1728542298228
REQUEST		put api update scenario	1728542298265	1728542298798	OK	 
REQUEST		put api update scenario	1728542298265	1728542298839	OK	 
REQUEST		put api update scenario	1728542298265	1728542298991	OK	 
REQUEST		put api update scenario	1728542298265	1728542299045	OK	 
REQUEST		put api update scenario	1728542298265	1728542299440	OK	 
REQUEST		put api update scenario	1728542298265	1728542300015	OK	 
REQUEST		put api update scenario	1728542298265	1728542300745	OK	 
USER	Update User Scenario	END	1728542301818
USER	Update User Scenario	END	1728542301846
USER	Update User Scenario	END	1728542302002
USER	Update User Scenario	END	1728542302049
USER	Update User Scenario	END	1728542302451
USER	Update User Scenario	END	1728542303020
USER	Update User Scenario	END	1728542303753
REQUEST		put api update scenario	1728542298265	1728542308314	KO	i.n.h.s.SslHandshakeTimeoutException: handshake timed out after 10000ms
REQUEST		put api update scenario	1728542298265	1728542308346	KO	i.n.h.s.SslHandshakeTimeoutException: handshake timed out after 10000ms
USER	Update User Scenario	END	1728542311324
USER	Update User Scenario	END	1728542311355
REQUEST		put api update scenario	1728542298265	1728542329455	OK	 
USER	Update User Scenario	END	1728542332469
