RUN	simulations.basics.ExtractResponseBody	extractresponsebody	1728898159763	 	3.6.1
USER	Get Single user Scenario	START	1728898161056
USER	Get Single user Scenario	START	1728898161056
USER	Get Single user Scenario	START	1728898161056
USER	Get Single user Scenario	START	1728898161056
USER	Get Single user Scenario	START	1728898161056
USER	Get Single user Scenario	START	1728898161056
USER	Get Single user Scenario	START	1728898161056
USER	Get Single user Scenario	START	1728898161056
USER	Get Single user Scenario	START	1728898161056
USER	Get Single user Scenario	START	1728898161056
REQUEST		GET API for fetching single user data	1728898161095	1728898161312	OK	 
REQUEST		GET API for fetching single user data	1728898161095	1728898161750	OK	 
REQUEST		GET API for fetching single user data	1728898161095	1728898161899	OK	 
REQUEST		GET API for fetching single user data	1728898161095	1728898162014	OK	 
REQUEST		GET API for fetching single user data	1728898161095	1728898162083	OK	 
REQUEST		GET API for fetching single user data	1728898161095	1728898162118	OK	 
REQUEST		GET API for fetching single user data	1728898161095	1728898162123	OK	 
REQUEST		GET API for fetching single user data	1728898161095	1728898162126	OK	 
REQUEST		GET API for fetching single user data	1728898161095	1728898162188	OK	 
REQUEST		GET API for fetching single user data	1728898161095	1728898162188	OK	 
REQUEST		GET API for fetching single user data	1728898163380	1728898163427	KO	jsonPath($.data.id).find.is(#{userId}), but actually found nothing
USER	Get Single user Scenario	END	1728898163442
REQUEST		GET API for fetching single user data	1728898163905	1728898163932	KO	jsonPath($.data.id).find.is(#{userId}), but actually found nothing
USER	Get Single user Scenario	END	1728898163934
REQUEST		GET API for fetching single user data	1728898163766	1728898164119	KO	jsonPath($.data.id).find.is(#{userId}), but actually found nothing
USER	Get Single user Scenario	END	1728898164121
REQUEST		GET API for fetching single user data	1728898164092	1728898164161	KO	jsonPath($.data.id).find.is(#{userId}), but actually found nothing
USER	Get Single user Scenario	END	1728898164163
REQUEST		GET API for fetching single user data	1728898164138	1728898164440	KO	jsonPath($.data.id).find.is(#{userId}), but actually found nothing
USER	Get Single user Scenario	END	1728898164443
REQUEST		GET API for fetching single user data	1728898164202	1728898164497	KO	jsonPath($.data.id).find.is(#{userId}), but actually found nothing
USER	Get Single user Scenario	END	1728898164500
REQUEST		GET API for fetching single user data	1728898164029	1728898164880	KO	jsonPath($.data.id).find.is(#{userId}), but actually found nothing
USER	Get Single user Scenario	END	1728898164884
REQUEST		GET API for fetching single user data	1728898164202	1728898164951	KO	jsonPath($.data.id).find.is(#{userId}), but actually found nothing
USER	Get Single user Scenario	END	1728898164954
REQUEST		GET API for fetching single user data	1728898164122	1728898165930	KO	jsonPath($.data.id).find.is(#{userId}), but actually found nothing
USER	Get Single user Scenario	END	1728898165932
REQUEST		GET API for fetching single user data	1728898164138	1728898167911	KO	jsonPath($.data.id).find.is(#{userId}), but actually found nothing
USER	Get Single user Scenario	END	1728898167912
