RUN	simulations.injection.OpenInjectionWithRampUpUsersPerSecond	openinjectionwithrampupuserspersecond	1730864952482	 	3.6.1
USER	Get Single user Scenario	START	1730864953767
USER	Get Single user Scenario	START	1730864953961
USER	Get Single user Scenario	START	1730864954165
REQUEST		GET API for fetching single user data	1730864953786	1730864954287	OK	 
USER	Get Single user Scenario	END	1730864954313
USER	Get Single user Scenario	START	1730864954367
USER	Get Single user Scenario	START	1730864954567
USER	Get Single user Scenario	START	1730864954770
REQUEST		GET API for fetching single user data	1730864954771	1730864954860	OK	 
USER	Get Single user Scenario	END	1730864954861
USER	Get Single user Scenario	START	1730864954972
USER	Get Single user Scenario	START	1730864955173
USER	Get Single user Scenario	START	1730864955375
USER	Get Single user Scenario	START	1730864955563
USER	Get Single user Scenario	START	1730864955764
USER	Get Single user Scenario	START	1730864955933
USER	Get Single user Scenario	START	1730864956089
USER	Get Single user Scenario	START	1730864956260
REQUEST		GET API for fetching single user data	1730864954367	1730864956419	OK	 
USER	Get Single user Scenario	END	1730864956421
USER	Get Single user Scenario	START	1730864956432
USER	Get Single user Scenario	START	1730864956588
USER	Get Single user Scenario	START	1730864956774
USER	Get Single user Scenario	START	1730864956927
REQUEST		GET API for fetching single user data	1730864956588	1730864956975	OK	 
USER	Get Single user Scenario	END	1730864956976
USER	Get Single user Scenario	START	1730864957098
REQUEST		GET API for fetching single user data	1730864956774	1730864957131	OK	 
USER	Get Single user Scenario	END	1730864957132
REQUEST		GET API for fetching single user data	1730864956261	1730864957194	OK	 
USER	Get Single user Scenario	END	1730864957195
USER	Get Single user Scenario	START	1730864957268
USER	Get Single user Scenario	START	1730864957422
REQUEST		GET API for fetching single user data	1730864955375	1730864957545	OK	 
USER	Get Single user Scenario	END	1730864957546
REQUEST		GET API for fetching single user data	1730864955173	1730864957585	OK	 
USER	Get Single user Scenario	END	1730864957587
USER	Get Single user Scenario	START	1730864957594
REQUEST		GET API for fetching single user data	1730864954568	1730864957721	OK	 
USER	Get Single user Scenario	END	1730864957722
USER	Get Single user Scenario	START	1730864957767
REQUEST		GET API for fetching single user data	1730864956433	1730864957894	OK	 
USER	Get Single user Scenario	END	1730864957895
REQUEST		GET API for fetching single user data	1730864957268	1730864957895	OK	 
USER	Get Single user Scenario	END	1730864957896
USER	Get Single user Scenario	START	1730864957905
REQUEST		GET API for fetching single user data	1730864957098	1730864957942	OK	 
USER	Get Single user Scenario	END	1730864957943
REQUEST		GET API for fetching single user data	1730864957594	1730864958037	OK	 
USER	Get Single user Scenario	END	1730864958038
USER	Get Single user Scenario	START	1730864958044
REQUEST		GET API for fetching single user data	1730864954972	1730864958080	OK	 
USER	Get Single user Scenario	END	1730864958082
USER	Get Single user Scenario	START	1730864958186
USER	Get Single user Scenario	START	1730864958327
USER	Get Single user Scenario	START	1730864958480
REQUEST		GET API for fetching single user data	1730864957422	1730864958550	OK	 
USER	Get Single user Scenario	END	1730864958551
REQUEST		GET API for fetching single user data	1730864958480	1730864958584	OK	 
USER	Get Single user Scenario	END	1730864958586
USER	Get Single user Scenario	START	1730864958620
REQUEST		GET API for fetching single user data	1730864958620	1730864958721	OK	 
USER	Get Single user Scenario	END	1730864958722
REQUEST		GET API for fetching single user data	1730864956928	1730864958756	OK	 
USER	Get Single user Scenario	START	1730864958758
USER	Get Single user Scenario	END	1730864958759
USER	Get Single user Scenario	START	1730864958909
REQUEST		GET API for fetching single user data	1730864958758	1730864958929	OK	 
USER	Get Single user Scenario	END	1730864958930
REQUEST		GET API for fetching single user data	1730864957905	1730864958999	OK	 
USER	Get Single user Scenario	END	1730864959001
USER	Get Single user Scenario	START	1730864959047
USER	Get Single user Scenario	START	1730864959185
USER	Get Single user Scenario	START	1730864959338
REQUEST		GET API for fetching single user data	1730864958910	1730864959366	OK	 
USER	Get Single user Scenario	END	1730864959367
USER	Get Single user Scenario	START	1730864959477
USER	Get Single user Scenario	START	1730864959614
USER	Get Single user Scenario	START	1730864959770
USER	Get Single user Scenario	START	1730864959908
REQUEST		GET API for fetching single user data	1730864959908	1730864959994	OK	 
USER	Get Single user Scenario	END	1730864959995
USER	Get Single user Scenario	START	1730864960048
REQUEST		GET API for fetching single user data	1730864958327	1730864960155	OK	 
USER	Get Single user Scenario	END	1730864960156
USER	Get Single user Scenario	START	1730864960186
USER	Get Single user Scenario	START	1730864960339
USER	Get Single user Scenario	START	1730864960478
REQUEST		GET API for fetching single user data	1730864954165	1730864960590	OK	 
USER	Get Single user Scenario	END	1730864960591
USER	Get Single user Scenario	START	1730864960614
REQUEST		GET API for fetching single user data	1730864957768	1730864960695	OK	 
USER	Get Single user Scenario	END	1730864960697
REQUEST		GET API for fetching single user data	1730864960614	1730864960735	OK	 
USER	Get Single user Scenario	END	1730864960736
USER	Get Single user Scenario	START	1730864960768
USER	Get Single user Scenario	START	1730864960907
USER	Get Single user Scenario	START	1730864961047
USER	Get Single user Scenario	START	1730864961186
USER	Get Single user Scenario	START	1730864961325
USER	Get Single user Scenario	START	1730864961479
REQUEST		GET API for fetching single user data	1730864961479	1730864961615	OK	 
USER	Get Single user Scenario	END	1730864961616
USER	Get Single user Scenario	START	1730864961619
USER	Get Single user Scenario	START	1730864961758
REQUEST		GET API for fetching single user data	1730864961620	1730864961774	OK	 
USER	Get Single user Scenario	END	1730864961776
USER	Get Single user Scenario	START	1730864961882
REQUEST		GET API for fetching single user data	1730864961882	1730864962004	OK	 
USER	Get Single user Scenario	END	1730864962005
USER	Get Single user Scenario	START	1730864962018
REQUEST		GET API for fetching single user data	1730864959615	1730864962069	OK	 
USER	Get Single user Scenario	END	1730864962071
USER	Get Single user Scenario	START	1730864962141
USER	Get Single user Scenario	START	1730864962265
USER	Get Single user Scenario	START	1730864962388
USER	Get Single user Scenario	START	1730864962511
USER	Get Single user Scenario	START	1730864962635
REQUEST		GET API for fetching single user data	1730864962265	1730864962704	OK	 
USER	Get Single user Scenario	END	1730864962705
USER	Get Single user Scenario	START	1730864962759
REQUEST		GET API for fetching single user data	1730864960339	1730864962794	OK	 
USER	Get Single user Scenario	END	1730864962795
USER	Get Single user Scenario	START	1730864962881
USER	Get Single user Scenario	START	1730864963021
USER	Get Single user Scenario	START	1730864963142
USER	Get Single user Scenario	START	1730864963265
USER	Get Single user Scenario	START	1730864963387
USER	Get Single user Scenario	START	1730864963510
REQUEST		GET API for fetching single user data	1730864961187	1730864963599	OK	 
USER	Get Single user Scenario	END	1730864963600
USER	Get Single user Scenario	START	1730864963634
REQUEST		GET API for fetching single user data	1730864963510	1730864963664	OK	 
USER	Get Single user Scenario	END	1730864963665
USER	Get Single user Scenario	START	1730864963757
USER	Get Single user Scenario	START	1730864963879
USER	Get Single user Scenario	START	1730864963988
REQUEST		GET API for fetching single user data	1730864953962	1730864964003	KO	i.n.h.s.SslHandshakeTimeoutException: handshake timed out after 10000ms
USER	Get Single user Scenario	END	1730864964006
REQUEST		GET API for fetching single user data	1730864963988	1730864964087	OK	 
REQUEST		GET API for fetching single user data	1730864960907	1730864964087	OK	 
USER	Get Single user Scenario	END	1730864964088
USER	Get Single user Scenario	END	1730864964088
USER	Get Single user Scenario	START	1730864964096
REQUEST		GET API for fetching single user data	1730864960768	1730864964124	OK	 
USER	Get Single user Scenario	END	1730864964126
REQUEST		GET API for fetching single user data	1730864962019	1730864964174	OK	 
USER	Get Single user Scenario	END	1730864964175
USER	Get Single user Scenario	START	1730864964204
REQUEST		GET API for fetching single user data	1730864964097	1730864964223	OK	 
USER	Get Single user Scenario	END	1730864964224
REQUEST		GET API for fetching single user data	1730864963879	1730864964275	OK	 
USER	Get Single user Scenario	END	1730864964276
REQUEST		GET API for fetching single user data	1730864964204	1730864964291	OK	 
USER	Get Single user Scenario	END	1730864964292
REQUEST		GET API for fetching single user data	1730864962141	1730864964311	OK	 
USER	Get Single user Scenario	START	1730864964311
USER	Get Single user Scenario	END	1730864964312
REQUEST		GET API for fetching single user data	1730864959770	1730864964319	OK	 
USER	Get Single user Scenario	END	1730864964320
REQUEST		GET API for fetching single user data	1730864962881	1730864964334	OK	 
USER	Get Single user Scenario	END	1730864964335
REQUEST		GET API for fetching single user data	1730864963265	1730864964376	OK	 
USER	Get Single user Scenario	END	1730864964377
REQUEST		GET API for fetching single user data	1730864964312	1730864964394	OK	 
USER	Get Single user Scenario	END	1730864964395
REQUEST		GET API for fetching single user data	1730864962635	1730864964420	OK	 
USER	Get Single user Scenario	END	1730864964421
USER	Get Single user Scenario	START	1730864964434
REQUEST		GET API for fetching single user data	1730864961326	1730864964454	OK	 
USER	Get Single user Scenario	END	1730864964455
REQUEST		GET API for fetching single user data	1730864956089	1730864964456	OK	 
USER	Get Single user Scenario	END	1730864964457
USER	Get Single user Scenario	START	1730864964542
REQUEST		GET API for fetching single user data	1730864962511	1730864964638	OK	 
USER	Get Single user Scenario	END	1730864964639
USER	Get Single user Scenario	START	1730864964650
REQUEST		GET API for fetching single user data	1730864964650	1730864964755	OK	 
USER	Get Single user Scenario	END	1730864964756
USER	Get Single user Scenario	START	1730864964756
REQUEST		GET API for fetching single user data	1730864959185	1730864964819	OK	 
USER	Get Single user Scenario	END	1730864964821
USER	Get Single user Scenario	START	1730864964865
USER	Get Single user Scenario	START	1730864964989
USER	Get Single user Scenario	START	1730864965098
REQUEST		GET API for fetching single user data	1730864963757	1730864965130	OK	 
USER	Get Single user Scenario	END	1730864965131
USER	Get Single user Scenario	START	1730864965207
USER	Get Single user Scenario	START	1730864965315
USER	Get Single user Scenario	START	1730864965423
USER	Get Single user Scenario	START	1730864965547
REQUEST		GET API for fetching single user data	1730864955563	1730864965609	KO	i.n.h.s.SslHandshakeTimeoutException: handshake timed out after 10000ms
USER	Get Single user Scenario	END	1730864965610
USER	Get Single user Scenario	START	1730864965656
USER	Get Single user Scenario	START	1730864965764
REQUEST		GET API for fetching single user data	1730864955764	1730864965795	KO	i.n.h.s.SslHandshakeTimeoutException: handshake timed out after 10000ms
USER	Get Single user Scenario	END	1730864965796
USER	Get Single user Scenario	START	1730864965873
USER	Get Single user Scenario	START	1730864965982
USER	Get Single user Scenario	START	1730864966089
REQUEST		GET API for fetching single user data	1730864961758	1730864966123	OK	 
USER	Get Single user Scenario	END	1730864966124
USER	Get Single user Scenario	START	1730864966198
REQUEST		GET API for fetching single user data	1730864965873	1730864966219	OK	 
USER	Get Single user Scenario	END	1730864966220
USER	Get Single user Scenario	START	1730864966321
REQUEST		GET API for fetching single user data	1730864965547	1730864966385	OK	 
USER	Get Single user Scenario	END	1730864966387
USER	Get Single user Scenario	START	1730864966429
REQUEST		GET API for fetching single user data	1730864959338	1730864966494	OK	 
USER	Get Single user Scenario	END	1730864966495
USER	Get Single user Scenario	START	1730864966537
USER	Get Single user Scenario	START	1730864966646
USER	Get Single user Scenario	START	1730864966772
USER	Get Single user Scenario	START	1730864966864
REQUEST		GET API for fetching single user data	1730864955933	1730864966972	KO	i.n.h.s.SslHandshakeTimeoutException: handshake timed out after 10000ms
USER	Get Single user Scenario	END	1730864966972
USER	Get Single user Scenario	START	1730864966988
REQUEST		GET API for fetching single user data	1730864966199	1730864967037	OK	 
USER	Get Single user Scenario	END	1730864967039
USER	Get Single user Scenario	START	1730864967097
USER	Get Single user Scenario	START	1730864967208
USER	Get Single user Scenario	START	1730864967316
USER	Get Single user Scenario	START	1730864967424
REQUEST		GET API for fetching single user data	1730864962760	1730864967505	OK	 
USER	Get Single user Scenario	END	1730864967506
REQUEST		GET API for fetching single user data	1730864963388	1730864967535	OK	 
USER	Get Single user Scenario	END	1730864967536
USER	Get Single user Scenario	START	1730864967545
REQUEST		GET API for fetching single user data	1730864960187	1730864967604	OK	 
USER	Get Single user Scenario	END	1730864967606
REQUEST		GET API for fetching single user data	1730864966538	1730864967620	OK	 
USER	Get Single user Scenario	END	1730864967621
REQUEST		GET API for fetching single user data	1730864967545	1730864967649	OK	 
USER	Get Single user Scenario	END	1730864967650
USER	Get Single user Scenario	START	1730864967653
REQUEST		GET API for fetching single user data	1730864966646	1730864967738	OK	 
USER	Get Single user Scenario	END	1730864967739
REQUEST		GET API for fetching single user data	1730864967653	1730864967761	OK	 
USER	Get Single user Scenario	END	1730864967762
USER	Get Single user Scenario	START	1730864967762
REQUEST		GET API for fetching single user data	1730864967098	1730864967765	OK	 
USER	Get Single user Scenario	END	1730864967766
REQUEST		GET API for fetching single user data	1730864965982	1730864967789	OK	 
USER	Get Single user Scenario	END	1730864967790
REQUEST		GET API for fetching single user data	1730864965656	1730864967807	OK	 
USER	Get Single user Scenario	END	1730864967808
USER	Get Single user Scenario	START	1730864967855
REQUEST		GET API for fetching single user data	1730864964989	1730864967890	OK	 
USER	Get Single user Scenario	END	1730864967891
REQUEST		GET API for fetching single user data	1730864964757	1730864967923	OK	 
USER	Get Single user Scenario	END	1730864967924
REQUEST		GET API for fetching single user data	1730864965765	1730864967941	OK	 
USER	Get Single user Scenario	END	1730864967942
USER	Get Single user Scenario	START	1730864967961
REQUEST		GET API for fetching single user data	1730864966865	1730864967970	OK	 
USER	Get Single user Scenario	END	1730864967971
REQUEST		GET API for fetching single user data	1730864967855	1730864967974	OK	 
USER	Get Single user Scenario	END	1730864967975
REQUEST		GET API for fetching single user data	1730864967763	1730864968005	OK	 
USER	Get Single user Scenario	END	1730864968006
USER	Get Single user Scenario	START	1730864968068
REQUEST		GET API for fetching single user data	1730864958044	1730864968083	KO	i.n.h.s.SslHandshakeTimeoutException: handshake timed out after 10000ms
USER	Get Single user Scenario	END	1730864968084
REQUEST		GET API for fetching single user data	1730864967962	1730864968104	OK	 
USER	Get Single user Scenario	END	1730864968105
REQUEST		GET API for fetching single user data	1730864961047	1730864968130	OK	 
USER	Get Single user Scenario	END	1730864968132
USER	Get Single user Scenario	START	1730864968159
REQUEST		GET API for fetching single user data	1730864968068	1730864968164	OK	 
USER	Get Single user Scenario	END	1730864968166
REQUEST		GET API for fetching single user data	1730864960048	1730864968172	OK	 
USER	Get Single user Scenario	END	1730864968173
REQUEST		GET API for fetching single user data	1730864966090	1730864968189	OK	 
USER	Get Single user Scenario	END	1730864968190
REQUEST		GET API for fetching single user data	1730864965098	1730864968200	OK	 
USER	Get Single user Scenario	END	1730864968201
REQUEST		GET API for fetching single user data	1730864968160	1730864968235	OK	 
USER	Get Single user Scenario	END	1730864968236
REQUEST		GET API for fetching single user data	1730864966429	1730864968236	OK	 
USER	Get Single user Scenario	END	1730864968237
REQUEST		GET API for fetching single user data	1730864964865	1730864968254	OK	 
USER	Get Single user Scenario	END	1730864968255
USER	Get Single user Scenario	START	1730864968268
REQUEST		GET API for fetching single user data	1730864964434	1730864968294	OK	 
REQUEST		GET API for fetching single user data	1730864966772	1730864968294	OK	 
USER	Get Single user Scenario	END	1730864968295
USER	Get Single user Scenario	END	1730864968295
REQUEST		GET API for fetching single user data	1730864965207	1730864968325	OK	 
USER	Get Single user Scenario	END	1730864968326
REQUEST		GET API for fetching single user data	1730864967208	1730864968334	OK	 
USER	Get Single user Scenario	END	1730864968335
REQUEST		GET API for fetching single user data	1730864968268	1730864968356	OK	 
USER	Get Single user Scenario	END	1730864968357
USER	Get Single user Scenario	START	1730864968360
REQUEST		GET API for fetching single user data	1730864967317	1730864968404	OK	 
REQUEST		GET API for fetching single user data	1730864965315	1730864968404	OK	 
USER	Get Single user Scenario	END	1730864968406
USER	Get Single user Scenario	END	1730864968406
REQUEST		GET API for fetching single user data	1730864966988	1730864968419	OK	 
USER	Get Single user Scenario	END	1730864968421
REQUEST		GET API for fetching single user data	1730864964542	1730864968440	OK	 
USER	Get Single user Scenario	END	1730864968441
USER	Get Single user Scenario	START	1730864968455
REQUEST		GET API for fetching single user data	1730864963635	1730864968465	OK	 
REQUEST		GET API for fetching single user data	1730864968360	1730864968465	OK	 
USER	Get Single user Scenario	END	1730864968466
USER	Get Single user Scenario	END	1730864968466
REQUEST		GET API for fetching single user data	1730864967425	1730864968530	OK	 
REQUEST		GET API for fetching single user data	1730864965423	1730864968530	OK	 
REQUEST		GET API for fetching single user data	1730864966321	1730864968530	OK	 
USER	Get Single user Scenario	END	1730864968531
USER	Get Single user Scenario	END	1730864968531
USER	Get Single user Scenario	END	1730864968531
REQUEST		GET API for fetching single user data	1730864968455	1730864968554	OK	 
USER	Get Single user Scenario	END	1730864968554
USER	Get Single user Scenario	START	1730864968562
USER	Get Single user Scenario	START	1730864968669
REQUEST		GET API for fetching single user data	1730864968562	1730864968690	OK	 
USER	Get Single user Scenario	END	1730864968691
REQUEST		GET API for fetching single user data	1730864958186	1730864968825	OK	 
USER	Get Single user Scenario	END	1730864968826
REQUEST		GET API for fetching single user data	1730864959047	1730864969075	KO	i.n.h.s.SslHandshakeTimeoutException: handshake timed out after 10000ms
USER	Get Single user Scenario	END	1730864969076
REQUEST		GET API for fetching single user data	1730864962389	1730864969519	OK	 
USER	Get Single user Scenario	END	1730864969521
REQUEST		GET API for fetching single user data	1730864968669	1730864969787	OK	 
USER	Get Single user Scenario	END	1730864969788
REQUEST		GET API for fetching single user data	1730864963021	1730864970141	OK	 
USER	Get Single user Scenario	END	1730864970141
REQUEST		GET API for fetching single user data	1730864963142	1730864970286	OK	 
USER	Get Single user Scenario	END	1730864970287
REQUEST		GET API for fetching single user data	1730864960478	1730864971519	KO	i.n.h.s.SslHandshakeTimeoutException: handshake timed out after 10000ms
USER	Get Single user Scenario	END	1730864971520
REQUEST		GET API for fetching single user data	1730864959477	1730864973824	OK	 
USER	Get Single user Scenario	END	1730864973825
