RUN	simulations.basics.ExtractResponseBody	extractresponsebody	1728902372814	 	3.6.1
USER	Get Single user Scenario	START	1728902373460
USER	Get Single user Scenario	START	1728902373460
USER	Get Single user Scenario	START	1728902373460
USER	Get Single user Scenario	START	1728902373460
USER	Get Single user Scenario	START	1728902373460
USER	Get Single user Scenario	START	1728902373460
USER	Get Single user Scenario	START	1728902373461
USER	Get Single user Scenario	START	1728902373460
USER	Get Single user Scenario	START	1728902373460
USER	Get Single user Scenario	START	1728902373460
REQUEST		GET API for fetching single user data	1728902373501	1728902373628	OK	 
REQUEST		GET API for fetching single user data	1728902373501	1728902373628	OK	 
REQUEST		GET API for fetching single user data	1728902373502	1728902373624	OK	 
REQUEST		GET API for fetching single user data	1728902373501	1728902373655	OK	 
REQUEST		GET API for fetching single user data	1728902373501	1728902373620	OK	 
REQUEST		GET API for fetching single user data	1728902373501	1728902373620	OK	 
REQUEST		GET API for fetching single user data	1728902373501	1728902373653	OK	 
REQUEST		GET API for fetching single user data	1728902373501	1728902373609	OK	 
REQUEST		GET API for fetching single user data	1728902373501	1728902373634	OK	 
REQUEST		GET API for fetching single user data	1728902373501	1728902373614	OK	 
REQUEST		GET API for fetching single user data	1728902375694	1728902375744	KO	jsonPath($.data.id).find.is(#{userId}), but actually found 8
REQUEST		GET API for fetching single user data	1728902375693	1728902375739	KO	jsonPath($.data.id).find.is(#{userId}), but actually found 8
REQUEST		GET API for fetching single user data	1728902375693	1728902375739	KO	jsonPath($.data.id).find.is(#{userId}), but actually found 8
REQUEST		GET API for fetching single user data	1728902375695	1728902375738	KO	jsonPath($.data.id).find.is(#{userId}), but actually found 8
REQUEST		GET API for fetching single user data	1728902375694	1728902375739	KO	jsonPath($.data.id).find.is(#{userId}), but actually found 8
REQUEST		GET API for fetching single user data	1728902375694	1728902375739	KO	jsonPath($.data.id).find.is(#{userId}), but actually found 8
REQUEST		GET API for fetching single user data	1728902375694	1728902375738	KO	jsonPath($.data.id).find.is(#{userId}), but actually found 8
REQUEST		GET API for fetching single user data	1728902375693	1728902375739	KO	jsonPath($.data.id).find.is(#{userId}), but actually found 8
REQUEST		GET API for fetching single user data	1728902375694	1728902375738	KO	jsonPath($.data.id).find.is(#{userId}), but actually found 8
REQUEST		GET API for fetching single user data	1728902375693	1728902375739	KO	jsonPath($.data.id).find.is(#{userId}), but actually found 8
USER	Get Single user Scenario	END	1728902375775
USER	Get Single user Scenario	END	1728902375775
USER	Get Single user Scenario	END	1728902375775
USER	Get Single user Scenario	END	1728902375775
USER	Get Single user Scenario	END	1728902375775
USER	Get Single user Scenario	END	1728902375775
USER	Get Single user Scenario	END	1728902375775
USER	Get Single user Scenario	END	1728902375775
USER	Get Single user Scenario	END	1728902375775
USER	Get Single user Scenario	END	1728902375776
