RUN	simulations.basics.AssertResponseBody	assertresponsebody	1728562614316	 	3.6.1
USER	Get Single user Scenario	START	1728562614854
USER	Get Single user Scenario	START	1728562614854
USER	Create User scenario	START	1728562614855
USER	Get Single user Scenario	START	1728562614854
USER	Create User scenario	START	1728562614854
USER	Get Single user Scenario	START	1728562614854
USER	Get Single user Scenario	START	1728562614854
USER	Get Single user Scenario	START	1728562614854
USER	Get Single user Scenario	START	1728562614854
USER	Create User scenario	START	1728562614855
USER	Create User scenario	START	1728562614854
USER	Get Single user Scenario	START	1728562614854
USER	Update User Scenario	START	1728562614930
USER	Create User scenario	START	1728562614855
USER	Update User Scenario	START	1728562614931
USER	Update User Scenario	START	1728562614930
USER	Update User Scenario	START	1728562614931
USER	Update User Scenario	START	1728562614931
USER	Create User scenario	START	1728562614930
USER	Get Single user Scenario	START	1728562614854
USER	Update User Scenario	START	1728562614930
USER	Update User Scenario	START	1728562614930
USER	Update User Scenario	START	1728562614930
USER	Update User Scenario	START	1728562614930
USER	Create User scenario	START	1728562614931
USER	Delete User Scenario	START	1728562614932
USER	Delete User Scenario	START	1728562614932
USER	Delete User Scenario	START	1728562614932
USER	Update User Scenario	START	1728562614931
USER	Create User scenario	START	1728562614932
USER	Get Single user Scenario	START	1728562614854
USER	Delete User Scenario	START	1728562614932
USER	Delete User Scenario	START	1728562614932
USER	Create User scenario	START	1728562614854
USER	Delete User Scenario	START	1728562614932
USER	Delete User Scenario	START	1728562614933
USER	Delete User Scenario	START	1728562614933
USER	Create User scenario	START	1728562614933
USER	Delete User Scenario	START	1728562614934
USER	Delete User Scenario	START	1728562614935
REQUEST		GET API for fetching single user data	1728562614913	1728562615064	OK	 
REQUEST		GET API for fetching single user data	1728562614913	1728562615037	OK	 
REQUEST		GET API for fetching single user data	1728562614913	1728562615064	OK	 
REQUEST		GET API for fetching single user data	1728562614913	1728562615037	OK	 
REQUEST		GET API for fetching single user data	1728562614913	1728562615026	OK	 
REQUEST		GET API for fetching single user data	1728562614913	1728562615037	OK	 
REQUEST		GET API for fetching single user data	1728562614913	1728562615068	OK	 
REQUEST		GET API for fetching single user data	1728562614913	1728562615064	OK	 
REQUEST		GET API for fetching single user data	1728562614913	1728562615064	OK	 
REQUEST		GET API for fetching single user data	1728562614913	1728562615064	OK	 
USER	Get Single user Scenario	END	1728562615089
USER	Get Single user Scenario	END	1728562615089
USER	Get Single user Scenario	END	1728562615089
USER	Get Single user Scenario	END	1728562615089
USER	Get Single user Scenario	END	1728562615089
USER	Get Single user Scenario	END	1728562615089
USER	Get Single user Scenario	END	1728562615089
USER	Get Single user Scenario	END	1728562615089
USER	Get Single user Scenario	END	1728562615089
USER	Get Single user Scenario	END	1728562615089
REQUEST		Post Api to Create api	1728562614913	1728562615325	OK	 
USER	Create User scenario	END	1728562615327
REQUEST		Post Api to Create api	1728562614933	1728562615333	OK	 
USER	Create User scenario	END	1728562615333
REQUEST		Delete Api Delete user	1728562614932	1728562615368	OK	 
USER	Delete User Scenario	END	1728562615370
REQUEST		Delete Api Delete user	1728562614932	1728562615378	OK	 
REQUEST		Post Api to Create api	1728562614913	1728562615378	OK	 
REQUEST		Post Api to Create api	1728562614913	1728562615378	OK	 
REQUEST		Post Api to Create api	1728562614932	1728562615378	OK	 
USER	Delete User Scenario	END	1728562615379
USER	Create User scenario	END	1728562615379
USER	Create User scenario	END	1728562615379
USER	Create User scenario	END	1728562615379
REQUEST		Delete Api Delete user	1728562614933	1728562615379	OK	 
USER	Delete User Scenario	END	1728562615380
REQUEST		Post Api to Create api	1728562614931	1728562615383	OK	 
USER	Create User scenario	END	1728562615384
REQUEST		Delete Api Delete user	1728562614932	1728562615384	OK	 
USER	Delete User Scenario	END	1728562615385
REQUEST		Put api update user	1728562614932	1728562615378	KO	jsonPath($.name).find.is(morpheus1), but actually found morpheus
USER	Update User Scenario	END	1728562615391
REQUEST		Post Api to Create api	1728562614913	1728562615400	OK	 
USER	Create User scenario	END	1728562615401
REQUEST		Put api update user	1728562614931	1728562615401	KO	jsonPath($.name).find.is(morpheus1), but actually found morpheus
USER	Update User Scenario	END	1728562615402
REQUEST		Put api update user	1728562614931	1728562615411	KO	jsonPath($.name).find.is(morpheus1), but actually found morpheus
USER	Update User Scenario	END	1728562615412
REQUEST		Delete Api Delete user	1728562614934	1728562615414	OK	 
REQUEST		Delete Api Delete user	1728562614935	1728562615414	OK	 
REQUEST		Put api update user	1728562614931	1728562615414	KO	jsonPath($.name).find.is(morpheus1), but actually found morpheus
REQUEST		Put api update user	1728562614931	1728562615414	KO	jsonPath($.name).find.is(morpheus1), but actually found morpheus
REQUEST		Put api update user	1728562614931	1728562615414	KO	jsonPath($.name).find.is(morpheus1), but actually found morpheus
REQUEST		Put api update user	1728562614931	1728562615414	KO	jsonPath($.name).find.is(morpheus1), but actually found morpheus
USER	Delete User Scenario	END	1728562615415
USER	Delete User Scenario	END	1728562615415
USER	Update User Scenario	END	1728562615415
USER	Update User Scenario	END	1728562615415
USER	Update User Scenario	END	1728562615415
USER	Update User Scenario	END	1728562615415
REQUEST		Post Api to Create api	1728562614913	1728562615415	OK	 
USER	Create User scenario	END	1728562615416
REQUEST		Delete Api Delete user	1728562614932	1728562615417	OK	 
REQUEST		Delete Api Delete user	1728562614932	1728562615417	OK	 
USER	Delete User Scenario	END	1728562615417
USER	Delete User Scenario	END	1728562615417
REQUEST		Put api update user	1728562614931	1728562615417	KO	jsonPath($.name).find.is(morpheus1), but actually found morpheus
USER	Update User Scenario	END	1728562615418
REQUEST		Post Api to Create api	1728562614913	1728562615442	OK	 
USER	Create User scenario	END	1728562615443
REQUEST		Put api update user	1728562614931	1728562615445	KO	jsonPath($.name).find.is(morpheus1), but actually found morpheus
USER	Update User Scenario	END	1728562615446
REQUEST		Post Api to Create api	1728562614931	1728562615481	OK	 
USER	Create User scenario	END	1728562615483
REQUEST		Put api update user	1728562614931	1728562615486	KO	jsonPath($.name).find.is(morpheus1), but actually found morpheus
USER	Update User Scenario	END	1728562615487
REQUEST		Delete Api Delete user	1728562614932	1728562615508	OK	 
REQUEST		Delete Api Delete user	1728562614933	1728562615508	OK	 
USER	Delete User Scenario	END	1728562615509
USER	Delete User Scenario	END	1728562615509
