RUN	simulations.basics.AssertResponseStatus	assertresponsestatus	1728557158496	 	3.6.1
USER	Get Single user Scenario	START	1728557159312
USER	Get Single user Scenario	START	1728557159312
USER	Create User scenario	START	1728557159311
USER	Get Single user Scenario	START	1728557159312
USER	Create User scenario	START	1728557159312
USER	Get Single user Scenario	START	1728557159311
USER	Create User scenario	START	1728557159311
USER	Get Single user Scenario	START	1728557159311
USER	Get Single user Scenario	START	1728557159312
USER	Create User scenario	START	1728557159311
USER	Create User scenario	START	1728557159311
USER	Get Single user Scenario	START	1728557159311
USER	Delete User Scenario	START	1728557159371
USER	Get Single user Scenario	START	1728557159312
USER	Create User scenario	START	1728557159312
USER	Get Single user Scenario	START	1728557159312
USER	Update User Scenario	START	1728557159372
USER	Get Single user Scenario	START	1728557159312
USER	Update User Scenario	START	1728557159371
USER	Delete User Scenario	START	1728557159372
USER	Update User Scenario	START	1728557159372
USER	Update User Scenario	START	1728557159372
USER	Update User Scenario	START	1728557159371
USER	Update User Scenario	START	1728557159371
USER	Create User scenario	START	1728557159371
USER	Create User scenario	START	1728557159371
USER	Update User Scenario	START	1728557159372
USER	Update User Scenario	START	1728557159373
USER	Delete User Scenario	START	1728557159373
USER	Delete User Scenario	START	1728557159373
USER	Create User scenario	START	1728557159371
USER	Create User scenario	START	1728557159372
USER	Delete User Scenario	START	1728557159374
USER	Update User Scenario	START	1728557159372
USER	Delete User Scenario	START	1728557159374
USER	Update User Scenario	START	1728557159373
USER	Delete User Scenario	START	1728557159374
USER	Delete User Scenario	START	1728557159374
USER	Delete User Scenario	START	1728557159374
USER	Delete User Scenario	START	1728557159374
REQUEST		GET API for fetching single user data	1728557159356	1728557159500	OK	 
USER	Get Single user Scenario	END	1728557159516
REQUEST		GET API for fetching single user data	1728557159357	1728557159530	OK	 
USER	Get Single user Scenario	END	1728557159531
REQUEST		GET API for fetching single user data	1728557159357	1728557159532	OK	 
REQUEST		GET API for fetching single user data	1728557159356	1728557159532	OK	 
REQUEST		GET API for fetching single user data	1728557159357	1728557159532	OK	 
REQUEST		GET API for fetching single user data	1728557159356	1728557159532	OK	 
REQUEST		GET API for fetching single user data	1728557159357	1728557159533	OK	 
REQUEST		GET API for fetching single user data	1728557159357	1728557159533	OK	 
REQUEST		GET API for fetching single user data	1728557159357	1728557159533	OK	 
REQUEST		GET API for fetching single user data	1728557159356	1728557159533	OK	 
USER	Get Single user Scenario	END	1728557159533
USER	Get Single user Scenario	END	1728557159533
USER	Get Single user Scenario	END	1728557159533
USER	Get Single user Scenario	END	1728557159534
USER	Get Single user Scenario	END	1728557159534
USER	Get Single user Scenario	END	1728557159534
USER	Get Single user Scenario	END	1728557159534
USER	Get Single user Scenario	END	1728557159534
REQUEST		Delete Api Delete user	1728557159373	1728557159851	OK	 
USER	Delete User Scenario	END	1728557159853
REQUEST		Delete Api Delete user	1728557159374	1728557159861	OK	 
REQUEST		Put api update user	1728557159373	1728557159861	OK	 
USER	Delete User Scenario	END	1728557159862
USER	Update User Scenario	END	1728557159862
REQUEST		Delete Api Delete user	1728557159374	1728557159865	OK	 
REQUEST		Post Api to Create api	1728557159356	1728557159865	OK	 
REQUEST		Post Api to Create api	1728557159356	1728557159865	OK	 
USER	Create User scenario	END	1728557159866
USER	Delete User Scenario	END	1728557159866
USER	Create User scenario	END	1728557159866
REQUEST		Put api update user	1728557159372	1728557159873	OK	 
REQUEST		Delete Api Delete user	1728557159374	1728557159873	OK	 
USER	Update User Scenario	END	1728557159874
USER	Delete User Scenario	END	1728557159874
REQUEST		Delete Api Delete user	1728557159375	1728557159876	OK	 
REQUEST		Post Api to Create api	1728557159373	1728557159876	OK	 
USER	Delete User Scenario	END	1728557159876
USER	Create User scenario	END	1728557159876
REQUEST		Post Api to Create api	1728557159356	1728557159880	OK	 
USER	Create User scenario	END	1728557159880
REQUEST		Delete Api Delete user	1728557159372	1728557159881	OK	 
USER	Delete User Scenario	END	1728557159881
REQUEST		Post Api to Create api	1728557159357	1728557159885	OK	 
REQUEST		Put api update user	1728557159372	1728557159885	OK	 
USER	Create User scenario	END	1728557159886
USER	Update User Scenario	END	1728557159886
REQUEST		Post Api to Create api	1728557159356	1728557159887	OK	 
USER	Create User scenario	END	1728557159888
REQUEST		Put api update user	1728557159372	1728557159888	OK	 
USER	Update User Scenario	END	1728557159889
REQUEST		Delete Api Delete user	1728557159373	1728557159893	OK	 
REQUEST		Post Api to Create api	1728557159356	1728557159893	OK	 
USER	Delete User Scenario	END	1728557159893
USER	Create User scenario	END	1728557159893
REQUEST		Delete Api Delete user	1728557159374	1728557159895	OK	 
REQUEST		Put api update user	1728557159372	1728557159895	OK	 
REQUEST		Delete Api Delete user	1728557159375	1728557159895	OK	 
USER	Delete User Scenario	END	1728557159896
USER	Update User Scenario	END	1728557159896
USER	Delete User Scenario	END	1728557159896
REQUEST		Post Api to Create api	1728557159372	1728557159904	OK	 
REQUEST		Put api update user	1728557159374	1728557159904	OK	 
REQUEST		Delete Api Delete user	1728557159374	1728557159904	OK	 
REQUEST		Put api update user	1728557159373	1728557159904	OK	 
REQUEST		Put api update user	1728557159372	1728557159904	OK	 
USER	Delete User Scenario	END	1728557159905
USER	Create User scenario	END	1728557159905
USER	Update User Scenario	END	1728557159905
USER	Update User Scenario	END	1728557159905
USER	Update User Scenario	END	1728557159905
REQUEST		Post Api to Create api	1728557159372	1728557159909	OK	 
REQUEST		Put api update user	1728557159373	1728557159909	OK	 
USER	Create User scenario	END	1728557159910
USER	Update User Scenario	END	1728557159910
REQUEST		Post Api to Create api	1728557159373	1728557159911	OK	 
USER	Create User scenario	END	1728557159912
REQUEST		Put api update user	1728557159373	1728557159971	OK	 
USER	Update User Scenario	END	1728557159972
