RUN	simulations.basics.ExtractResponseBody	extractresponsebody	1728896577347	 	3.6.1
USER	Get Single user Scenario	START	1728896578063
USER	Get Single user Scenario	START	1728896578063
USER	Get Single user Scenario	START	1728896578063
USER	Get Single user Scenario	START	1728896578063
USER	Get Single user Scenario	START	1728896578063
USER	Get Single user Scenario	START	1728896578063
USER	Get Single user Scenario	START	1728896578063
USER	Get Single user Scenario	START	1728896578063
USER	Get Single user Scenario	START	1728896578063
USER	Get Single user Scenario	START	1728896578063
REQUEST		GET API for fetching single user data	1728896578102	1728896578221	OK	 
REQUEST		GET API for fetching single user data	1728896578102	1728896578229	OK	 
REQUEST		GET API for fetching single user data	1728896578102	1728896578224	OK	 
REQUEST		GET API for fetching single user data	1728896578102	1728896578221	OK	 
REQUEST		GET API for fetching single user data	1728896578102	1728896578224	OK	 
REQUEST		GET API for fetching single user data	1728896578102	1728896578222	OK	 
REQUEST		GET API for fetching single user data	1728896578102	1728896578220	OK	 
REQUEST		GET API for fetching single user data	1728896578102	1728896578221	OK	 
REQUEST		GET API for fetching single user data	1728896578102	1728896578224	OK	 
REQUEST		GET API for fetching single user data	1728896578102	1728896578222	OK	 
REQUEST		GET API for fetching single user data	1728896580346	1728896580380	KO	jsonPath($.data.id).find.is(#{userId}), but actually found nothing
REQUEST		GET API for fetching single user data	1728896580345	1728896580379	KO	jsonPath($.data.id).find.is(#{userId}), but actually found nothing
REQUEST		GET API for fetching single user data	1728896580346	1728896580380	KO	jsonPath($.data.id).find.is(#{userId}), but actually found nothing
REQUEST		GET API for fetching single user data	1728896580346	1728896580379	KO	jsonPath($.data.id).find.is(#{userId}), but actually found nothing
REQUEST		GET API for fetching single user data	1728896580345	1728896580384	KO	jsonPath($.data.id).find.is(#{userId}), but actually found nothing
REQUEST		GET API for fetching single user data	1728896580346	1728896580384	KO	jsonPath($.data.id).find.is(#{userId}), but actually found nothing
REQUEST		GET API for fetching single user data	1728896580345	1728896580384	KO	jsonPath($.data.id).find.is(#{userId}), but actually found nothing
REQUEST		GET API for fetching single user data	1728896580345	1728896580379	KO	jsonPath($.data.id).find.is(#{userId}), but actually found nothing
REQUEST		GET API for fetching single user data	1728896580345	1728896580380	KO	jsonPath($.data.id).find.is(#{userId}), but actually found nothing
REQUEST		GET API for fetching single user data	1728896580347	1728896580384	KO	jsonPath($.data.id).find.is(#{userId}), but actually found nothing
USER	Get Single user Scenario	END	1728896580414
USER	Get Single user Scenario	END	1728896580414
USER	Get Single user Scenario	END	1728896580414
USER	Get Single user Scenario	END	1728896580414
USER	Get Single user Scenario	END	1728896580414
USER	Get Single user Scenario	END	1728896580414
USER	Get Single user Scenario	END	1728896580415
USER	Get Single user Scenario	END	1728896580415
USER	Get Single user Scenario	END	1728896580415
USER	Get Single user Scenario	END	1728896580415
