RUN	simulations.basics.AssertResponseBody	assertresponsebody	1728562578029	 	3.6.1
USER	Create User scenario	START	1728562578824
USER	Get Single user Scenario	START	1728562578824
USER	Get Single user Scenario	START	1728562578824
USER	Get Single user Scenario	START	1728562578824
USER	Create User scenario	START	1728562578824
USER	Create User scenario	START	1728562578824
USER	Create User scenario	START	1728562578824
USER	Get Single user Scenario	START	1728562578824
USER	Get Single user Scenario	START	1728562578824
USER	Get Single user Scenario	START	1728562578824
USER	Get Single user Scenario	START	1728562578824
USER	Get Single user Scenario	START	1728562578824
USER	Get Single user Scenario	START	1728562578824
USER	Create User scenario	START	1728562578824
USER	Create User scenario	START	1728562578899
USER	Create User scenario	START	1728562578824
USER	Update User Scenario	START	1728562578899
USER	Update User Scenario	START	1728562578899
USER	Create User scenario	START	1728562578899
USER	Delete User Scenario	START	1728562578898
USER	Update User Scenario	START	1728562578898
USER	Create User scenario	START	1728562578898
USER	Get Single user Scenario	START	1728562578824
USER	Delete User Scenario	START	1728562578899
USER	Delete User Scenario	START	1728562578900
USER	Update User Scenario	START	1728562578899
USER	Delete User Scenario	START	1728562578900
USER	Update User Scenario	START	1728562578898
USER	Update User Scenario	START	1728562578898
USER	Update User Scenario	START	1728562578898
USER	Delete User Scenario	START	1728562578900
USER	Update User Scenario	START	1728562578899
USER	Create User scenario	START	1728562578900
USER	Update User Scenario	START	1728562578898
USER	Delete User Scenario	START	1728562578900
USER	Delete User Scenario	START	1728562578901
USER	Update User Scenario	START	1728562578898
USER	Delete User Scenario	START	1728562578901
USER	Delete User Scenario	START	1728562578901
USER	Delete User Scenario	START	1728562578902
REQUEST		GET API for fetching single user data	1728562578881	1728562579036	OK	 
REQUEST		GET API for fetching single user data	1728562578881	1728562579035	OK	 
REQUEST		GET API for fetching single user data	1728562578881	1728562579028	OK	 
REQUEST		GET API for fetching single user data	1728562578881	1728562579036	OK	 
REQUEST		GET API for fetching single user data	1728562578881	1728562579052	OK	 
REQUEST		GET API for fetching single user data	1728562578881	1728562579052	OK	 
REQUEST		GET API for fetching single user data	1728562578881	1728562579036	OK	 
REQUEST		GET API for fetching single user data	1728562578881	1728562579036	OK	 
REQUEST		GET API for fetching single user data	1728562578881	1728562579036	OK	 
REQUEST		GET API for fetching single user data	1728562578881	1728562579036	OK	 
USER	Get Single user Scenario	END	1728562579088
USER	Get Single user Scenario	END	1728562579088
USER	Get Single user Scenario	END	1728562579088
USER	Get Single user Scenario	END	1728562579088
USER	Get Single user Scenario	END	1728562579088
USER	Get Single user Scenario	END	1728562579088
USER	Get Single user Scenario	END	1728562579088
USER	Get Single user Scenario	END	1728562579088
USER	Get Single user Scenario	END	1728562579088
USER	Get Single user Scenario	END	1728562579088
REQUEST		Delete Api Delete user	1728562578901	1728562579411	OK	 
REQUEST		Put api update user	1728562578899	1728562579412	OK	 
REQUEST		Post Api to Create api	1728562578899	1728562579411	OK	 
REQUEST		Delete Api Delete user	1728562578901	1728562579414	OK	 
REQUEST		Delete Api Delete user	1728562578900	1728562579414	OK	 
REQUEST		Put api update user	1728562578900	1728562579414	OK	 
REQUEST		Post Api to Create api	1728562578881	1728562579414	OK	 
REQUEST		Post Api to Create api	1728562578881	1728562579413	OK	 
REQUEST		Post Api to Create api	1728562578900	1728562579413	OK	 
REQUEST		Put api update user	1728562578899	1728562579411	OK	 
REQUEST		Delete Api Delete user	1728562578900	1728562579415	OK	 
REQUEST		Put api update user	1728562578900	1728562579415	OK	 
REQUEST		Post Api to Create api	1728562578881	1728562579416	OK	 
REQUEST		Put api update user	1728562578899	1728562579415	OK	 
USER	Delete User Scenario	END	1728562579414
USER	Update User Scenario	END	1728562579415
USER	Create User scenario	END	1728562579415
USER	Delete User Scenario	END	1728562579415
USER	Update User Scenario	END	1728562579415
USER	Delete User Scenario	END	1728562579415
USER	Create User scenario	END	1728562579415
USER	Create User scenario	END	1728562579416
USER	Update User Scenario	END	1728562579416
USER	Delete User Scenario	END	1728562579416
USER	Update User Scenario	END	1728562579416
USER	Create User scenario	END	1728562579416
USER	Create User scenario	END	1728562579416
USER	Update User Scenario	END	1728562579416
REQUEST		Put api update user	1728562578899	1728562579417	OK	 
USER	Update User Scenario	END	1728562579418
REQUEST		Put api update user	1728562578899	1728562579429	OK	 
REQUEST		Put api update user	1728562578899	1728562579429	OK	 
USER	Update User Scenario	END	1728562579430
USER	Update User Scenario	END	1728562579430
REQUEST		Put api update user	1728562578900	1728562579464	OK	 
USER	Update User Scenario	END	1728562579466
REQUEST		Put api update user	1728562578901	1728562579471	OK	 
USER	Update User Scenario	END	1728562579472
REQUEST		Delete Api Delete user	1728562578899	1728562579491	OK	 
USER	Delete User Scenario	END	1728562579492
REQUEST		Post Api to Create api	1728562578881	1728562579506	OK	 
USER	Create User scenario	END	1728562579507
REQUEST		Post Api to Create api	1728562578881	1728562579511	OK	 
USER	Create User scenario	END	1728562579513
REQUEST		Delete Api Delete user	1728562578901	1728562579532	OK	 
REQUEST		Delete Api Delete user	1728562578902	1728562579532	OK	 
REQUEST		Post Api to Create api	1728562578899	1728562579532	OK	 
REQUEST		Post Api to Create api	1728562578899	1728562579532	OK	 
USER	Delete User Scenario	END	1728562579532
USER	Delete User Scenario	END	1728562579532
USER	Create User scenario	END	1728562579533
USER	Create User scenario	END	1728562579533
REQUEST		Delete Api Delete user	1728562578900	1728562579539	OK	 
REQUEST		Delete Api Delete user	1728562578901	1728562579539	OK	 
USER	Delete User Scenario	END	1728562579539
USER	Delete User Scenario	END	1728562579539
REQUEST		Delete Api Delete user	1728562578900	1728562579551	OK	 
REQUEST		Post Api to Create api	1728562578881	1728562579551	OK	 
USER	Delete User Scenario	END	1728562579552
USER	Create User scenario	END	1728562579552
