RUN	simulations.basics.ExtractResponseBody	extractresponsebody	1728899919782	 	3.6.1
USER	Get Single user Scenario	START	1728899920486
USER	Get Single user Scenario	START	1728899920486
USER	Get Single user Scenario	START	1728899920486
USER	Get Single user Scenario	START	1728899920486
USER	Get Single user Scenario	START	1728899920486
USER	Get Single user Scenario	START	1728899920486
USER	Get Single user Scenario	START	1728899920486
USER	Get Single user Scenario	START	1728899920486
USER	Get Single user Scenario	START	1728899920486
USER	Get Single user Scenario	START	1728899920486
REQUEST		GET API for fetching single user data	1728899920527	1728899920641	OK	 
REQUEST		GET API for fetching single user data	1728899920526	1728899920658	OK	 
REQUEST		GET API for fetching single user data	1728899920527	1728899920655	OK	 
REQUEST		GET API for fetching single user data	1728899920526	1728899920668	OK	 
REQUEST		GET API for fetching single user data	1728899920526	1728899920654	OK	 
REQUEST		GET API for fetching single user data	1728899920527	1728899920655	OK	 
REQUEST		GET API for fetching single user data	1728899920527	1728899920649	OK	 
REQUEST		GET API for fetching single user data	1728899920526	1728899920654	OK	 
REQUEST		GET API for fetching single user data	1728899920526	1728899920649	OK	 
REQUEST		GET API for fetching single user data	1728899920526	1728899920679	OK	 
REQUEST		GET API for fetching single user data	1728899922750	1728899922789	KO	jsonPath($.data.id).find.is(#{userId}), but actually found nothing
REQUEST		GET API for fetching single user data	1728899922749	1728899922779	KO	jsonPath($.data.id).find.is(#{userId}), but actually found nothing
REQUEST		GET API for fetching single user data	1728899922749	1728899922779	KO	jsonPath($.data.id).find.is(#{userId}), but actually found nothing
REQUEST		GET API for fetching single user data	1728899922749	1728899922781	KO	jsonPath($.data.id).find.is(#{userId}), but actually found nothing
REQUEST		GET API for fetching single user data	1728899922749	1728899922789	KO	jsonPath($.data.id).find.is(#{userId}), but actually found nothing
REQUEST		GET API for fetching single user data	1728899922748	1728899922789	KO	jsonPath($.data.id).find.is(#{userId}), but actually found nothing
REQUEST		GET API for fetching single user data	1728899922749	1728899922779	KO	jsonPath($.data.id).find.is(#{userId}), but actually found nothing
REQUEST		GET API for fetching single user data	1728899922750	1728899922788	KO	jsonPath($.data.id).find.is(#{userId}), but actually found nothing
REQUEST		GET API for fetching single user data	1728899922748	1728899922788	KO	jsonPath($.data.id).find.is(#{userId}), but actually found nothing
REQUEST		GET API for fetching single user data	1728899922748	1728899922779	KO	jsonPath($.data.id).find.is(#{userId}), but actually found nothing
USER	Get Single user Scenario	END	1728899922815
USER	Get Single user Scenario	END	1728899922815
USER	Get Single user Scenario	END	1728899922815
USER	Get Single user Scenario	END	1728899922815
USER	Get Single user Scenario	END	1728899922815
USER	Get Single user Scenario	END	1728899922815
USER	Get Single user Scenario	END	1728899922815
USER	Get Single user Scenario	END	1728899922815
USER	Get Single user Scenario	END	1728899922815
USER	Get Single user Scenario	END	1728899922815
