RUN	simulations.basics.ExtractResponseBody	extractresponsebody	1728900021235	 	3.6.1
USER	Get Single user Scenario	START	1728900021801
USER	Get Single user Scenario	START	1728900021801
USER	Get Single user Scenario	START	1728900021801
USER	Get Single user Scenario	START	1728900021801
USER	Get Single user Scenario	START	1728900021801
USER	Get Single user Scenario	START	1728900021801
USER	Get Single user Scenario	START	1728900021801
USER	Get Single user Scenario	START	1728900021801
USER	Get Single user Scenario	START	1728900021801
USER	Get Single user Scenario	START	1728900021801
REQUEST		GET API for fetching single user data	1728900021842	1728900021979	OK	 
REQUEST		GET API for fetching single user data	1728900021842	1728900021964	OK	 
REQUEST		GET API for fetching single user data	1728900021842	1728900021993	OK	 
REQUEST		GET API for fetching single user data	1728900021842	1728900022014	OK	 
REQUEST		GET API for fetching single user data	1728900021842	1728900021974	OK	 
REQUEST		GET API for fetching single user data	1728900021842	1728900021974	OK	 
REQUEST		GET API for fetching single user data	1728900021842	1728900021974	OK	 
REQUEST		GET API for fetching single user data	1728900021842	1728900021974	OK	 
REQUEST		GET API for fetching single user data	1728900021842	1728900021979	OK	 
REQUEST		GET API for fetching single user data	1728900021842	1728900021967	OK	 
REQUEST		GET API for fetching single user data	1728900024035	1728900024069	KO	jsonPath($.data.id).find.is(8), but actually found nothing
REQUEST		GET API for fetching single user data	1728900024034	1728900024069	KO	jsonPath($.data.id).find.is(8), but actually found nothing
REQUEST		GET API for fetching single user data	1728900024035	1728900024072	KO	jsonPath($.data.id).find.is(8), but actually found nothing
REQUEST		GET API for fetching single user data	1728900024034	1728900024073	KO	jsonPath($.data.id).find.is(8), but actually found nothing
REQUEST		GET API for fetching single user data	1728900024035	1728900024073	KO	jsonPath($.data.id).find.is(8), but actually found nothing
REQUEST		GET API for fetching single user data	1728900024034	1728900024069	KO	jsonPath($.data.id).find.is(8), but actually found nothing
REQUEST		GET API for fetching single user data	1728900024035	1728900024070	KO	jsonPath($.data.id).find.is(8), but actually found nothing
REQUEST		GET API for fetching single user data	1728900024035	1728900024072	KO	jsonPath($.data.id).find.is(8), but actually found nothing
REQUEST		GET API for fetching single user data	1728900024035	1728900024069	KO	jsonPath($.data.id).find.is(8), but actually found nothing
REQUEST		GET API for fetching single user data	1728900024034	1728900024070	KO	jsonPath($.data.id).find.is(8), but actually found nothing
USER	Get Single user Scenario	END	1728900024106
USER	Get Single user Scenario	END	1728900024106
USER	Get Single user Scenario	END	1728900024106
USER	Get Single user Scenario	END	1728900024106
USER	Get Single user Scenario	END	1728900024106
USER	Get Single user Scenario	END	1728900024106
USER	Get Single user Scenario	END	1728900024106
USER	Get Single user Scenario	END	1728900024106
USER	Get Single user Scenario	END	1728900024106
USER	Get Single user Scenario	END	1728900024106
