RUN	simulations.basics.ExtractResponseBody	extractresponsebody	1728899832309	 	3.6.1
USER	Get Single user Scenario	START	1728899832890
USER	Get Single user Scenario	START	1728899832890
USER	Get Single user Scenario	START	1728899832890
USER	Get Single user Scenario	START	1728899832890
USER	Get Single user Scenario	START	1728899832890
USER	Get Single user Scenario	START	1728899832890
USER	Get Single user Scenario	START	1728899832890
USER	Get Single user Scenario	START	1728899832890
USER	Get Single user Scenario	START	1728899832890
USER	Get Single user Scenario	START	1728899832890
REQUEST		GET API for fetching single user data	1728899832934	1728899833069	OK	 
REQUEST		GET API for fetching single user data	1728899832934	1728899833057	OK	 
REQUEST		GET API for fetching single user data	1728899832933	1728899833069	OK	 
REQUEST		GET API for fetching single user data	1728899832933	1728899833069	OK	 
REQUEST		GET API for fetching single user data	1728899832933	1728899833053	OK	 
REQUEST		GET API for fetching single user data	1728899832934	1728899833057	OK	 
REQUEST		GET API for fetching single user data	1728899832933	1728899833069	OK	 
REQUEST		GET API for fetching single user data	1728899832934	1728899833053	OK	 
REQUEST		GET API for fetching single user data	1728899832933	1728899833057	OK	 
REQUEST		GET API for fetching single user data	1728899832934	1728899833057	OK	 
REQUEST		GET API for fetching single user data	1728899835148	1728899835184	KO	jsonPath($.data.id).find.is(#{userId}), but actually found nothing
REQUEST		GET API for fetching single user data	1728899835148	1728899835193	KO	jsonPath($.data.id).find.is(#{userId}), but actually found nothing
REQUEST		GET API for fetching single user data	1728899835149	1728899835190	KO	jsonPath($.data.id).find.is(#{userId}), but actually found nothing
REQUEST		GET API for fetching single user data	1728899835149	1728899835193	KO	jsonPath($.data.id).find.is(#{userId}), but actually found nothing
REQUEST		GET API for fetching single user data	1728899835147	1728899835190	KO	jsonPath($.data.id).find.is(#{userId}), but actually found nothing
REQUEST		GET API for fetching single user data	1728899835147	1728899835185	KO	jsonPath($.data.id).find.is(#{userId}), but actually found nothing
REQUEST		GET API for fetching single user data	1728899835149	1728899835184	KO	jsonPath($.data.id).find.is(#{userId}), but actually found nothing
REQUEST		GET API for fetching single user data	1728899835147	1728899835184	KO	jsonPath($.data.id).find.is(#{userId}), but actually found nothing
REQUEST		GET API for fetching single user data	1728899835149	1728899835184	KO	jsonPath($.data.id).find.is(#{userId}), but actually found nothing
REQUEST		GET API for fetching single user data	1728899835148	1728899835184	KO	jsonPath($.data.id).find.is(#{userId}), but actually found nothing
USER	Get Single user Scenario	END	1728899835225
USER	Get Single user Scenario	END	1728899835225
USER	Get Single user Scenario	END	1728899835225
USER	Get Single user Scenario	END	1728899835226
USER	Get Single user Scenario	END	1728899835226
USER	Get Single user Scenario	END	1728899835226
USER	Get Single user Scenario	END	1728899835226
USER	Get Single user Scenario	END	1728899835226
USER	Get Single user Scenario	END	1728899835226
USER	Get Single user Scenario	END	1728899835227
