RUN	simulations.basics.ExtractResponseBody	extractresponsebody	1728898459871	 	3.6.1
USER	Get Single user Scenario	START	1728898460470
USER	Get Single user Scenario	START	1728898460470
USER	Get Single user Scenario	START	1728898460470
USER	Get Single user Scenario	START	1728898460470
USER	Get Single user Scenario	START	1728898460470
USER	Get Single user Scenario	START	1728898460470
USER	Get Single user Scenario	START	1728898460470
USER	Get Single user Scenario	START	1728898460470
USER	Get Single user Scenario	START	1728898460470
USER	Get Single user Scenario	START	1728898460470
REQUEST		GET API for fetching single user data	1728898460504	1728898460603	OK	 
REQUEST		GET API for fetching single user data	1728898460504	1728898460598	OK	 
REQUEST		GET API for fetching single user data	1728898460504	1728898460602	OK	 
REQUEST		GET API for fetching single user data	1728898460504	1728898460628	OK	 
REQUEST		GET API for fetching single user data	1728898460504	1728898460623	OK	 
REQUEST		GET API for fetching single user data	1728898460504	1728898460607	OK	 
REQUEST		GET API for fetching single user data	1728898460504	1728898460603	OK	 
REQUEST		GET API for fetching single user data	1728898460504	1728898460607	OK	 
REQUEST		GET API for fetching single user data	1728898460504	1728898460603	OK	 
REQUEST		GET API for fetching single user data	1728898460504	1728898460598	OK	 
REQUEST		GET API for fetching single user data	1728898462705	1728898462747	KO	jsonPath($.data.id).find.is(#{userId}), but actually found nothing
REQUEST		GET API for fetching single user data	1728898462705	1728898462747	KO	jsonPath($.data.id).find.is(#{userId}), but actually found nothing
REQUEST		GET API for fetching single user data	1728898462705	1728898462745	KO	jsonPath($.data.id).find.is(#{userId}), but actually found nothing
REQUEST		GET API for fetching single user data	1728898462705	1728898462746	KO	jsonPath($.data.id).find.is(#{userId}), but actually found nothing
REQUEST		GET API for fetching single user data	1728898462707	1728898462749	KO	jsonPath($.data.id).find.is(#{userId}), but actually found nothing
REQUEST		GET API for fetching single user data	1728898462706	1728898462747	KO	jsonPath($.data.id).find.is(#{userId}), but actually found nothing
REQUEST		GET API for fetching single user data	1728898462705	1728898462746	KO	jsonPath($.data.id).find.is(#{userId}), but actually found nothing
REQUEST		GET API for fetching single user data	1728898462706	1728898462747	KO	jsonPath($.data.id).find.is(#{userId}), but actually found nothing
REQUEST		GET API for fetching single user data	1728898462705	1728898462744	KO	jsonPath($.data.id).find.is(#{userId}), but actually found nothing
REQUEST		GET API for fetching single user data	1728898462705	1728898462747	KO	jsonPath($.data.id).find.is(#{userId}), but actually found nothing
USER	Get Single user Scenario	END	1728898462775
USER	Get Single user Scenario	END	1728898462775
USER	Get Single user Scenario	END	1728898462775
USER	Get Single user Scenario	END	1728898462775
USER	Get Single user Scenario	END	1728898462775
USER	Get Single user Scenario	END	1728898462776
USER	Get Single user Scenario	END	1728898462776
USER	Get Single user Scenario	END	1728898462776
USER	Get Single user Scenario	END	1728898462776
USER	Get Single user Scenario	END	1728898462776
