RUN	simulations.basics.ExtractResponseBody	extractresponsebody	1728901880189	 	3.6.1
USER	Get Single user Scenario	START	1728901881021
USER	Get Single user Scenario	START	1728901881020
USER	Get Single user Scenario	START	1728901881020
USER	Get Single user Scenario	START	1728901881020
USER	Get Single user Scenario	START	1728901881020
USER	Get Single user Scenario	START	1728901881020
USER	Get Single user Scenario	START	1728901881020
USER	Get Single user Scenario	START	1728901881021
USER	Get Single user Scenario	START	1728901881020
USER	Get Single user Scenario	START	1728901881020
REQUEST		GET API for fetching single user data	1728901881067	1728901881261	OK	 
REQUEST		GET API for fetching single user data	1728901881067	1728901881286	OK	 
REQUEST		GET API for fetching single user data	1728901881066	1728901881276	OK	 
REQUEST		GET API for fetching single user data	1728901881067	1728901881258	OK	 
REQUEST		GET API for fetching single user data	1728901881067	1728901881282	OK	 
REQUEST		GET API for fetching single user data	1728901881067	1728901881266	OK	 
REQUEST		GET API for fetching single user data	1728901881066	1728901881282	OK	 
REQUEST		GET API for fetching single user data	1728901881066	1728901881258	OK	 
REQUEST		GET API for fetching single user data	1728901881068	1728901881291	OK	 
REQUEST		GET API for fetching single user data	1728901881066	1728901881282	OK	 
REQUEST		GET API for fetching single user data	1728901883344	1728901883443	KO	jsonPath($.data.id).find.is(#{userId}), but actually found nothing
REQUEST		GET API for fetching single user data	1728901883345	1728901883440	KO	jsonPath($.data.id).find.is(#{userId}), but actually found nothing
REQUEST		GET API for fetching single user data	1728901883344	1728901883446	KO	jsonPath($.data.id).find.is(#{userId}), but actually found nothing
REQUEST		GET API for fetching single user data	1728901883344	1728901883443	KO	jsonPath($.data.id).find.is(#{userId}), but actually found nothing
REQUEST		GET API for fetching single user data	1728901883345	1728901883443	KO	jsonPath($.data.id).find.is(#{userId}), but actually found nothing
REQUEST		GET API for fetching single user data	1728901883344	1728901883443	KO	jsonPath($.data.id).find.is(#{userId}), but actually found nothing
REQUEST		GET API for fetching single user data	1728901883345	1728901883440	KO	jsonPath($.data.id).find.is(#{userId}), but actually found nothing
REQUEST		GET API for fetching single user data	1728901883345	1728901883440	KO	jsonPath($.data.id).find.is(#{userId}), but actually found nothing
REQUEST		GET API for fetching single user data	1728901883344	1728901883440	KO	jsonPath($.data.id).find.is(#{userId}), but actually found nothing
REQUEST		GET API for fetching single user data	1728901883343	1728901883440	KO	jsonPath($.data.id).find.is(#{userId}), but actually found nothing
USER	Get Single user Scenario	END	1728901883473
USER	Get Single user Scenario	END	1728901883473
USER	Get Single user Scenario	END	1728901883473
USER	Get Single user Scenario	END	1728901883473
USER	Get Single user Scenario	END	1728901883473
USER	Get Single user Scenario	END	1728901883473
USER	Get Single user Scenario	END	1728901883473
USER	Get Single user Scenario	END	1728901883473
USER	Get Single user Scenario	END	1728901883473
USER	Get Single user Scenario	END	1728901883473
