RUN	simulations.basics.ExtractResponseBody	extractresponsebody	1728901953497	 	3.6.1
USER	Get Single user Scenario	START	1728901954178
USER	Get Single user Scenario	START	1728901954178
USER	Get Single user Scenario	START	1728901954178
USER	Get Single user Scenario	START	1728901954178
USER	Get Single user Scenario	START	1728901954178
USER	Get Single user Scenario	START	1728901954178
USER	Get Single user Scenario	START	1728901954178
USER	Get Single user Scenario	START	1728901954178
USER	Get Single user Scenario	START	1728901954178
USER	Get Single user Scenario	START	1728901954178
REQUEST		GET API for fetching single user data	1728901954213	1728901954344	OK	 
REQUEST		GET API for fetching single user data	1728901954213	1728901954344	OK	 
REQUEST		GET API for fetching single user data	1728901954213	1728901954369	OK	 
REQUEST		GET API for fetching single user data	1728901954213	1728901954357	OK	 
REQUEST		GET API for fetching single user data	1728901954213	1728901954362	OK	 
REQUEST		GET API for fetching single user data	1728901954213	1728901954369	OK	 
REQUEST		GET API for fetching single user data	1728901954213	1728901954344	OK	 
REQUEST		GET API for fetching single user data	1728901954213	1728901954351	OK	 
REQUEST		GET API for fetching single user data	1728901954213	1728901954369	OK	 
REQUEST		GET API for fetching single user data	1728901954213	1728901954344	OK	 
REQUEST		GET API for fetching single user data	1728901956430	1728901956471	KO	jsonPath($.data.id).find.is(#{userId}), but actually found nothing
REQUEST		GET API for fetching single user data	1728901956429	1728901956462	KO	jsonPath($.data.id).find.is(#{userId}), but actually found nothing
REQUEST		GET API for fetching single user data	1728901956430	1728901956472	KO	jsonPath($.data.id).find.is(#{userId}), but actually found nothing
REQUEST		GET API for fetching single user data	1728901956429	1728901956462	KO	jsonPath($.data.id).find.is(#{userId}), but actually found nothing
REQUEST		GET API for fetching single user data	1728901956430	1728901956471	KO	jsonPath($.data.id).find.is(#{userId}), but actually found nothing
USER	Get Single user Scenario	END	1728901956481
USER	Get Single user Scenario	END	1728901956481
USER	Get Single user Scenario	END	1728901956481
USER	Get Single user Scenario	END	1728901956481
USER	Get Single user Scenario	END	1728901956482
REQUEST		GET API for fetching single user data	1728901956429	1728901956487	KO	jsonPath($.data.id).find.is(#{userId}), but actually found nothing
REQUEST		GET API for fetching single user data	1728901956429	1728901956487	KO	jsonPath($.data.id).find.is(#{userId}), but actually found nothing
USER	Get Single user Scenario	END	1728901956489
REQUEST		GET API for fetching single user data	1728901956429	1728901956487	KO	jsonPath($.data.id).find.is(#{userId}), but actually found nothing
REQUEST		GET API for fetching single user data	1728901956430	1728901956487	KO	jsonPath($.data.id).find.is(#{userId}), but actually found nothing
USER	Get Single user Scenario	END	1728901956489
USER	Get Single user Scenario	END	1728901956490
USER	Get Single user Scenario	END	1728901956490
REQUEST		GET API for fetching single user data	1728901956431	1728901956502	KO	jsonPath($.data.id).find.is(#{userId}), but actually found nothing
USER	Get Single user Scenario	END	1728901956504
