RUN	simulations.basics.ExtractResponseBody	extractresponsebody	1728896987533	 	3.6.1
USER	Get Single user Scenario	START	1728896988207
USER	Get Single user Scenario	START	1728896988207
USER	Get Single user Scenario	START	1728896988207
USER	Get Single user Scenario	START	1728896988207
USER	Get Single user Scenario	START	1728896988207
USER	Get Single user Scenario	START	1728896988207
USER	Get Single user Scenario	START	1728896988207
USER	Get Single user Scenario	START	1728896988207
USER	Get Single user Scenario	START	1728896988207
USER	Get Single user Scenario	START	1728896988207
REQUEST		GET API for fetching single user data	1728896988246	1728896988371	OK	 
REQUEST		GET API for fetching single user data	1728896988246	1728896988366	OK	 
REQUEST		GET API for fetching single user data	1728896988246	1728896988381	OK	 
REQUEST		GET API for fetching single user data	1728896988246	1728896988391	OK	 
REQUEST		GET API for fetching single user data	1728896988246	1728896988366	OK	 
REQUEST		GET API for fetching single user data	1728896988246	1728896988366	OK	 
REQUEST		GET API for fetching single user data	1728896988246	1728896988392	OK	 
REQUEST		GET API for fetching single user data	1728896988246	1728896988394	OK	 
REQUEST		GET API for fetching single user data	1728896988246	1728896988394	OK	 
REQUEST		GET API for fetching single user data	1728896988246	1728896988440	OK	 
REQUEST		GET API for fetching single user data	1728896990464	1728896990507	KO	jsonPath($.data.id).find.is(8), but actually found nothing
REQUEST		GET API for fetching single user data	1728896990466	1728896990507	KO	jsonPath($.data.id).find.is(8), but actually found nothing
REQUEST		GET API for fetching single user data	1728896990464	1728896990507	KO	jsonPath($.data.id).find.is(8), but actually found nothing
REQUEST		GET API for fetching single user data	1728896990464	1728896990507	KO	jsonPath($.data.id).find.is(8), but actually found nothing
REQUEST		GET API for fetching single user data	1728896990464	1728896990507	KO	jsonPath($.data.id).find.is(8), but actually found nothing
REQUEST		GET API for fetching single user data	1728896990465	1728896990515	KO	jsonPath($.data.id).find.is(8), but actually found nothing
REQUEST		GET API for fetching single user data	1728896990464	1728896990507	KO	jsonPath($.data.id).find.is(8), but actually found nothing
REQUEST		GET API for fetching single user data	1728896990466	1728896990507	KO	jsonPath($.data.id).find.is(8), but actually found nothing
REQUEST		GET API for fetching single user data	1728896990465	1728896990507	KO	jsonPath($.data.id).find.is(8), but actually found nothing
REQUEST		GET API for fetching single user data	1728896990464	1728896990508	KO	jsonPath($.data.id).find.is(8), but actually found nothing
USER	Get Single user Scenario	END	1728896990537
USER	Get Single user Scenario	END	1728896990537
USER	Get Single user Scenario	END	1728896990537
USER	Get Single user Scenario	END	1728896990537
USER	Get Single user Scenario	END	1728896990537
USER	Get Single user Scenario	END	1728896990537
USER	Get Single user Scenario	END	1728896990537
USER	Get Single user Scenario	END	1728896990537
USER	Get Single user Scenario	END	1728896990537
USER	Get Single user Scenario	END	1728896990537
