RUN	simulations.basics.ExtractResponseBody	extractresponsebody	1728898566634	 	3.6.1
USER	Get Single user Scenario	START	1728898567678
USER	Get Single user Scenario	START	1728898567678
USER	Get Single user Scenario	START	1728898567678
USER	Get Single user Scenario	START	1728898567678
USER	Get Single user Scenario	START	1728898567678
USER	Get Single user Scenario	START	1728898567678
USER	Get Single user Scenario	START	1728898567678
USER	Get Single user Scenario	START	1728898567678
USER	Get Single user Scenario	START	1728898567678
USER	Get Single user Scenario	START	1728898567678
REQUEST		GET API for fetching single user data	1728898567723	1728898567931	OK	 
REQUEST		GET API for fetching single user data	1728898567724	1728898567931	OK	 
REQUEST		GET API for fetching single user data	1728898567723	1728898568189	OK	 
REQUEST		GET API for fetching single user data	1728898567723	1728898568223	OK	 
REQUEST		GET API for fetching single user data	1728898567723	1728898568234	OK	 
REQUEST		GET API for fetching single user data	1728898567723	1728898568508	OK	 
REQUEST		GET API for fetching single user data	1728898567724	1728898568838	OK	 
REQUEST		GET API for fetching single user data	1728898567723	1728898569173	OK	 
REQUEST		GET API for fetching single user data	1728898567723	1728898569763	OK	 
REQUEST		GET API for fetching single user data	1728898567723	1728898569764	OK	 
REQUEST		GET API for fetching single user data	1728898570023	1728898570060	KO	jsonPath($.data.id).find.is(#{userId}), but actually found nothing
REQUEST		GET API for fetching single user data	1728898570023	1728898570063	KO	jsonPath($.data.id).find.is(#{userId}), but actually found nothing
USER	Get Single user Scenario	END	1728898570081
USER	Get Single user Scenario	END	1728898570081
REQUEST		GET API for fetching single user data	1728898570236	1728898570269	KO	jsonPath($.data.id).find.is(#{userId}), but actually found nothing
USER	Get Single user Scenario	END	1728898570271
REQUEST		GET API for fetching single user data	1728898570251	1728898570353	KO	jsonPath($.data.id).find.is(#{userId}), but actually found nothing
USER	Get Single user Scenario	END	1728898570355
REQUEST		GET API for fetching single user data	1728898570514	1728898570637	KO	jsonPath($.data.id).find.is(#{userId}), but actually found nothing
USER	Get Single user Scenario	END	1728898570640
REQUEST		GET API for fetching single user data	1728898570841	1728898570884	KO	jsonPath($.data.id).find.is(#{userId}), but actually found nothing
USER	Get Single user Scenario	END	1728898570885
REQUEST		GET API for fetching single user data	1728898570205	1728898571033	KO	jsonPath($.data.id).find.is(#{userId}), but actually found nothing
USER	Get Single user Scenario	END	1728898571036
REQUEST		GET API for fetching single user data	1728898571183	1728898571251	KO	jsonPath($.data.id).find.is(#{userId}), but actually found nothing
USER	Get Single user Scenario	END	1728898571254
REQUEST		GET API for fetching single user data	1728898571777	1728898571867	KO	jsonPath($.data.id).find.is(#{userId}), but actually found nothing
REQUEST		GET API for fetching single user data	1728898571777	1728898571867	KO	jsonPath($.data.id).find.is(#{userId}), but actually found nothing
USER	Get Single user Scenario	END	1728898571870
USER	Get Single user Scenario	END	1728898571870
